   1              	 .cpu cortex-m0
   2              	 .fpu softvfp
   3              	 .eabi_attribute 20,1
   4              	 .eabi_attribute 21,1
   5              	 .eabi_attribute 23,3
   6              	 .eabi_attribute 24,1
   7              	 .eabi_attribute 25,1
   8              	 .eabi_attribute 26,1
   9              	 .eabi_attribute 30,6
  10              	 .eabi_attribute 34,0
  11              	 .eabi_attribute 18,4
  12              	 .code 16
  13              	 .file "xmc1_eru.c"
  16              	 .text
  17              	.Ltext0:
 232              	 .section .text.XMC_ERU_Enable,"ax",%progbits
 233              	 .align 2
 236              	 .global XMC_ERU_Enable
 237              	 .code 16
 238              	 .thumb_func
 240              	XMC_ERU_Enable:
 241              	 .stabd 46,0,0
   1:../Libraries/XMCLib/src/xmc1_eru.c **** /**
   2:../Libraries/XMCLib/src/xmc1_eru.c ****  * @file xmc1_eru.c
   3:../Libraries/XMCLib/src/xmc1_eru.c ****  * @date 2015-02-20
   4:../Libraries/XMCLib/src/xmc1_eru.c ****  *
   5:../Libraries/XMCLib/src/xmc1_eru.c ****  * @cond
   6:../Libraries/XMCLib/src/xmc1_eru.c ****  **************************************************************************************************
   7:../Libraries/XMCLib/src/xmc1_eru.c ****  * XMClib v2.1.8 - XMC Peripheral Driver Library 
   8:../Libraries/XMCLib/src/xmc1_eru.c ****  *
   9:../Libraries/XMCLib/src/xmc1_eru.c ****  * Copyright (c) 2015-2016, Infineon Technologies AG
  10:../Libraries/XMCLib/src/xmc1_eru.c ****  * All rights reserved.                        
  11:../Libraries/XMCLib/src/xmc1_eru.c ****  *                                             
  12:../Libraries/XMCLib/src/xmc1_eru.c ****  * Redistribution and use in source and binary forms, with or without modification,are permitted pr
  13:../Libraries/XMCLib/src/xmc1_eru.c ****  * following conditions are met:   
  14:../Libraries/XMCLib/src/xmc1_eru.c ****  *                                                                              
  15:../Libraries/XMCLib/src/xmc1_eru.c ****  * Redistributions of source code must retain the above copyright notice, this list of conditions a
  16:../Libraries/XMCLib/src/xmc1_eru.c ****  * disclaimer.                        
  17:../Libraries/XMCLib/src/xmc1_eru.c ****  * 
  18:../Libraries/XMCLib/src/xmc1_eru.c ****  * Redistributions in binary form must reproduce the above copyright notice, this list of condition
  19:../Libraries/XMCLib/src/xmc1_eru.c ****  * disclaimer in the documentation and/or other materials provided with the distribution.          
  20:../Libraries/XMCLib/src/xmc1_eru.c ****  * 
  21:../Libraries/XMCLib/src/xmc1_eru.c ****  * Neither the name of the copyright holders nor the names of its contributors may be used to endor
  22:../Libraries/XMCLib/src/xmc1_eru.c ****  * products derived from this software without specific prior written permission.                  
  23:../Libraries/XMCLib/src/xmc1_eru.c ****  *                                                                              
  24:../Libraries/XMCLib/src/xmc1_eru.c ****  * THIS SOFTWARE IS PROVIDED BY THE COPYRIGHT HOLDERS AND CONTRIBUTORS "AS IS" AND ANY EXPRESS OR I
  25:../Libraries/XMCLib/src/xmc1_eru.c ****  * INCLUDING, BUT NOT LIMITED TO, THE IMPLIED WARRANTIES OF MERCHANTABILITY AND FITNESS FOR A PARTI
  26:../Libraries/XMCLib/src/xmc1_eru.c ****  * DISCLAIMED. IN NO EVENT SHALL THE COPYRIGHT HOLDER OR CONTRIBUTORS BE LIABLE  FOR ANY DIRECT, IN
  27:../Libraries/XMCLib/src/xmc1_eru.c ****  * SPECIAL, EXEMPLARY, OR CONSEQUENTIAL DAMAGES (INCLUDING, BUT NOT LIMITED TO, PROCUREMENT OF SUBS
  28:../Libraries/XMCLib/src/xmc1_eru.c ****  * SERVICES; LOSS OF USE, DATA, OR PROFITS; OR BUSINESS INTERRUPTION) HOWEVER CAUSED AND ON ANY THE
  29:../Libraries/XMCLib/src/xmc1_eru.c ****  * WHETHER IN CONTRACT, STRICT LIABILITY,OR TORT (INCLUDING NEGLIGENCE OR OTHERWISE) ARISING IN ANY
  30:../Libraries/XMCLib/src/xmc1_eru.c ****  * OF THIS SOFTWARE, EVEN IF ADVISED OF THE POSSIBILITY OF SUCH DAMAGE.                            
  31:../Libraries/XMCLib/src/xmc1_eru.c ****  *                                                                              
  32:../Libraries/XMCLib/src/xmc1_eru.c ****  * To improve the quality of the software, users are encouraged to share modifications, enhancement
  33:../Libraries/XMCLib/src/xmc1_eru.c ****  * Infineon Technologies AG dave@infineon.com).                                                    
  34:../Libraries/XMCLib/src/xmc1_eru.c ****  **************************************************************************************************
  35:../Libraries/XMCLib/src/xmc1_eru.c ****  *
  36:../Libraries/XMCLib/src/xmc1_eru.c ****  * Change History
  37:../Libraries/XMCLib/src/xmc1_eru.c ****  * --------------
  38:../Libraries/XMCLib/src/xmc1_eru.c ****  *
  39:../Libraries/XMCLib/src/xmc1_eru.c ****  * 2015-02-20:
  40:../Libraries/XMCLib/src/xmc1_eru.c ****  *     - Initial <br>
  41:../Libraries/XMCLib/src/xmc1_eru.c ****  *
  42:../Libraries/XMCLib/src/xmc1_eru.c ****  * @endcond
  43:../Libraries/XMCLib/src/xmc1_eru.c ****  */
  44:../Libraries/XMCLib/src/xmc1_eru.c **** 
  45:../Libraries/XMCLib/src/xmc1_eru.c **** #include "xmc_eru.h"
  46:../Libraries/XMCLib/src/xmc1_eru.c **** 
  47:../Libraries/XMCLib/src/xmc1_eru.c **** #if UC_FAMILY == XMC1
  48:../Libraries/XMCLib/src/xmc1_eru.c **** 
  49:../Libraries/XMCLib/src/xmc1_eru.c **** /**************************************************************************************************
  50:../Libraries/XMCLib/src/xmc1_eru.c ****  * API IMPLEMENTATION
  51:../Libraries/XMCLib/src/xmc1_eru.c ****  **************************************************************************************************
  52:../Libraries/XMCLib/src/xmc1_eru.c **** 
  53:../Libraries/XMCLib/src/xmc1_eru.c **** void XMC_ERU_Enable(XMC_ERU_t *const eru)
  54:../Libraries/XMCLib/src/xmc1_eru.c **** {
 243              	.LM0:
 244              	.LFBB1:
 245 0000 80B5     	 push {r7,lr}
 246 0002 82B0     	 sub sp,sp,#8
 247 0004 00AF     	 add r7,sp,#0
 248 0006 7860     	 str r0,[r7,#4]
  55:../Libraries/XMCLib/src/xmc1_eru.c ****   XMC_UNUSED_ARG(eru);
  56:../Libraries/XMCLib/src/xmc1_eru.c **** }
 250              	.LM1:
 251 0008 BD46     	 mov sp,r7
 252 000a 02B0     	 add sp,sp,#8
 253              	 
 254 000c 80BD     	 pop {r7,pc}
 256              	.Lscope1:
 258              	 .stabd 78,0,0
 259 000e C046     	 .section .text.XMC_ERU_Disable,"ax",%progbits
 260              	 .align 2
 263              	 .global XMC_ERU_Disable
 264              	 .code 16
 265              	 .thumb_func
 267              	XMC_ERU_Disable:
 268              	 .stabd 46,0,0
  57:../Libraries/XMCLib/src/xmc1_eru.c **** 
  58:../Libraries/XMCLib/src/xmc1_eru.c **** void XMC_ERU_Disable(XMC_ERU_t *const eru)
  59:../Libraries/XMCLib/src/xmc1_eru.c **** {
 270              	.LM2:
 271              	.LFBB2:
 272 0000 80B5     	 push {r7,lr}
 273 0002 82B0     	 sub sp,sp,#8
 274 0004 00AF     	 add r7,sp,#0
 275 0006 7860     	 str r0,[r7,#4]
  60:../Libraries/XMCLib/src/xmc1_eru.c ****   XMC_UNUSED_ARG(eru);
  61:../Libraries/XMCLib/src/xmc1_eru.c **** }
 277              	.LM3:
 278 0008 BD46     	 mov sp,r7
 279 000a 02B0     	 add sp,sp,#8
 280              	 
 281 000c 80BD     	 pop {r7,pc}
 283              	.Lscope2:
 285              	 .stabd 78,0,0
 286 000e C046     	 .text
 288              	.Letext0:
 289              	 .ident "GCC: (GNU Tools for ARM Embedded Processors) 4.9.3 20141119 (release) [ARM/embedded-4_9-branch revision 218278]"
DEFINED SYMBOLS
                            *ABS*:00000000 xmc1_eru.c
    {standard input}:233    .text.XMC_ERU_Enable:00000000 $t
    {standard input}:240    .text.XMC_ERU_Enable:00000000 XMC_ERU_Enable
    {standard input}:260    .text.XMC_ERU_Disable:00000000 $t
    {standard input}:267    .text.XMC_ERU_Disable:00000000 XMC_ERU_Disable

NO UNDEFINED SYMBOLS
