   1              	 .cpu cortex-m0
   2              	 .fpu softvfp
   3              	 .eabi_attribute 20,1
   4              	 .eabi_attribute 21,1
   5              	 .eabi_attribute 23,3
   6              	 .eabi_attribute 24,1
   7              	 .eabi_attribute 25,1
   8              	 .eabi_attribute 26,1
   9              	 .eabi_attribute 30,6
  10              	 .eabi_attribute 34,0
  11              	 .eabi_attribute 18,4
  12              	 .code 16
  13              	 .file "xmc_pau.c"
  16              	 .text
  17              	.Ltext0:
 210              	 .section .text.XMC_PAU_EnablePeripheralAccess,"ax",%progbits
 211              	 .align 2
 214              	 .global XMC_PAU_EnablePeripheralAccess
 215              	 .code 16
 216              	 .thumb_func
 218              	XMC_PAU_EnablePeripheralAccess:
 219              	 .stabd 46,0,0
   1:../Libraries/XMCLib/src/xmc_pau.c **** /**
   2:../Libraries/XMCLib/src/xmc_pau.c ****  * @file xmc_pau.c
   3:../Libraries/XMCLib/src/xmc_pau.c ****  * @date 2015-06-20
   4:../Libraries/XMCLib/src/xmc_pau.c ****  *
   5:../Libraries/XMCLib/src/xmc_pau.c ****  * @cond
   6:../Libraries/XMCLib/src/xmc_pau.c ****  **************************************************************************************************
   7:../Libraries/XMCLib/src/xmc_pau.c ****  * XMClib v2.1.8 - XMC Peripheral Driver Library 
   8:../Libraries/XMCLib/src/xmc_pau.c ****  *
   9:../Libraries/XMCLib/src/xmc_pau.c ****  * Copyright (c) 2015-2016, Infineon Technologies AG
  10:../Libraries/XMCLib/src/xmc_pau.c ****  * All rights reserved.                        
  11:../Libraries/XMCLib/src/xmc_pau.c ****  *                                             
  12:../Libraries/XMCLib/src/xmc_pau.c ****  * Redistribution and use in source and binary forms, with or without modification,are permitted pr
  13:../Libraries/XMCLib/src/xmc_pau.c ****  * following conditions are met:   
  14:../Libraries/XMCLib/src/xmc_pau.c ****  *                                                                              
  15:../Libraries/XMCLib/src/xmc_pau.c ****  * Redistributions of source code must retain the above copyright notice, this list of conditions a
  16:../Libraries/XMCLib/src/xmc_pau.c ****  * disclaimer.                        
  17:../Libraries/XMCLib/src/xmc_pau.c ****  * 
  18:../Libraries/XMCLib/src/xmc_pau.c ****  * Redistributions in binary form must reproduce the above copyright notice, this list of condition
  19:../Libraries/XMCLib/src/xmc_pau.c ****  * disclaimer in the documentation and/or other materials provided with the distribution.          
  20:../Libraries/XMCLib/src/xmc_pau.c ****  * 
  21:../Libraries/XMCLib/src/xmc_pau.c ****  * Neither the name of the copyright holders nor the names of its contributors may be used to endor
  22:../Libraries/XMCLib/src/xmc_pau.c ****  * products derived from this software without specific prior written permission.                  
  23:../Libraries/XMCLib/src/xmc_pau.c ****  *                                                                              
  24:../Libraries/XMCLib/src/xmc_pau.c ****  * THIS SOFTWARE IS PROVIDED BY THE COPYRIGHT HOLDERS AND CONTRIBUTORS "AS IS" AND ANY EXPRESS OR I
  25:../Libraries/XMCLib/src/xmc_pau.c ****  * INCLUDING, BUT NOT LIMITED TO, THE IMPLIED WARRANTIES OF MERCHANTABILITY AND FITNESS FOR A PARTI
  26:../Libraries/XMCLib/src/xmc_pau.c ****  * DISCLAIMED. IN NO EVENT SHALL THE COPYRIGHT HOLDER OR CONTRIBUTORS BE LIABLE  FOR ANY DIRECT, IN
  27:../Libraries/XMCLib/src/xmc_pau.c ****  * SPECIAL, EXEMPLARY, OR CONSEQUENTIAL DAMAGES (INCLUDING, BUT NOT LIMITED TO, PROCUREMENT OF SUBS
  28:../Libraries/XMCLib/src/xmc_pau.c ****  * SERVICES; LOSS OF USE, DATA, OR PROFITS; OR BUSINESS INTERRUPTION) HOWEVER CAUSED AND ON ANY THE
  29:../Libraries/XMCLib/src/xmc_pau.c ****  * WHETHER IN CONTRACT, STRICT LIABILITY,OR TORT (INCLUDING NEGLIGENCE OR OTHERWISE) ARISING IN ANY
  30:../Libraries/XMCLib/src/xmc_pau.c ****  * OF THIS SOFTWARE, EVEN IF ADVISED OF THE POSSIBILITY OF SUCH DAMAGE.                            
  31:../Libraries/XMCLib/src/xmc_pau.c ****  *                                                                              
  32:../Libraries/XMCLib/src/xmc_pau.c ****  * To improve the quality of the software, users are encouraged to share modifications, enhancement
  33:../Libraries/XMCLib/src/xmc_pau.c ****  * Infineon Technologies AG dave@infineon.com).                                                    
  34:../Libraries/XMCLib/src/xmc_pau.c ****  **************************************************************************************************
  35:../Libraries/XMCLib/src/xmc_pau.c ****  *
  36:../Libraries/XMCLib/src/xmc_pau.c ****  * Change History
  37:../Libraries/XMCLib/src/xmc_pau.c ****  * --------------
  38:../Libraries/XMCLib/src/xmc_pau.c ****  *
  39:../Libraries/XMCLib/src/xmc_pau.c ****  * 2015-02-20:
  40:../Libraries/XMCLib/src/xmc_pau.c ****  *     - Initial <br>
  41:../Libraries/XMCLib/src/xmc_pau.c ****  *      
  42:../Libraries/XMCLib/src/xmc_pau.c ****  * 2015-06-20:
  43:../Libraries/XMCLib/src/xmc_pau.c ****  *     - Removed GetDriverVersion API
  44:../Libraries/XMCLib/src/xmc_pau.c ****  * @endcond 
  45:../Libraries/XMCLib/src/xmc_pau.c ****  *
  46:../Libraries/XMCLib/src/xmc_pau.c ****  */
  47:../Libraries/XMCLib/src/xmc_pau.c **** 
  48:../Libraries/XMCLib/src/xmc_pau.c **** /**
  49:../Libraries/XMCLib/src/xmc_pau.c ****  *
  50:../Libraries/XMCLib/src/xmc_pau.c ****  * @brief PAU driver for XMC1 microcontroller family.
  51:../Libraries/XMCLib/src/xmc_pau.c ****  *
  52:../Libraries/XMCLib/src/xmc_pau.c ****  */
  53:../Libraries/XMCLib/src/xmc_pau.c **** 
  54:../Libraries/XMCLib/src/xmc_pau.c **** /**************************************************************************************************
  55:../Libraries/XMCLib/src/xmc_pau.c ****  * HEADER FILES
  56:../Libraries/XMCLib/src/xmc_pau.c ****  **************************************************************************************************
  57:../Libraries/XMCLib/src/xmc_pau.c **** #include "xmc_pau.h"
  58:../Libraries/XMCLib/src/xmc_pau.c **** 
  59:../Libraries/XMCLib/src/xmc_pau.c **** #if defined(PAU)
  60:../Libraries/XMCLib/src/xmc_pau.c **** 
  61:../Libraries/XMCLib/src/xmc_pau.c **** /**************************************************************************************************
  62:../Libraries/XMCLib/src/xmc_pau.c ****  * API IMPLEMENTATION
  63:../Libraries/XMCLib/src/xmc_pau.c ****  **************************************************************************************************
  64:../Libraries/XMCLib/src/xmc_pau.c **** 
  65:../Libraries/XMCLib/src/xmc_pau.c **** /*
  66:../Libraries/XMCLib/src/xmc_pau.c ****  * Enable peripheral access
  67:../Libraries/XMCLib/src/xmc_pau.c ****  */
  68:../Libraries/XMCLib/src/xmc_pau.c **** void XMC_PAU_EnablePeripheralAccess(XMC_PAU_PERIPHERAL_t peripheral)
  69:../Libraries/XMCLib/src/xmc_pau.c **** {
 221              	.LM0:
 222              	.LFBB1:
 223 0000 80B5     	 push {r7,lr}
 224 0002 84B0     	 sub sp,sp,#16
 225 0004 00AF     	 add r7,sp,#0
 226 0006 7860     	 str r0,[r7,#4]
  70:../Libraries/XMCLib/src/xmc_pau.c ****   uint32_t reg_num;
  71:../Libraries/XMCLib/src/xmc_pau.c ****   
  72:../Libraries/XMCLib/src/xmc_pau.c ****   reg_num = ((uint32_t)peripheral & 0xf0000000U) >> 28U;
 228              	.LM1:
 229 0008 7B68     	 ldr r3,[r7,#4]
 230 000a 1B0F     	 lsr r3,r3,#28
 231 000c FB60     	 str r3,[r7,#12]
  73:../Libraries/XMCLib/src/xmc_pau.c ****   XMC_PAU->PRIVDIS[reg_num] &= (uint32_t)~((uint32_t)peripheral & 0x0fffffffUL);
 233              	.LM2:
 234 000e 8023     	 mov r3,#128
 235 0010 DB05     	 lsl r3,r3,#23
 236 0012 8022     	 mov r2,#128
 237 0014 D205     	 lsl r2,r2,#23
 238 0016 F968     	 ldr r1,[r7,#12]
 239 0018 2031     	 add r1,r1,#32
 240 001a 8900     	 lsl r1,r1,#2
 241 001c 8A58     	 ldr r2,[r1,r2]
 242 001e 7968     	 ldr r1,[r7,#4]
 243 0020 0901     	 lsl r1,r1,#4
 244 0022 0909     	 lsr r1,r1,#4
 245 0024 C943     	 mvn r1,r1
 246 0026 1140     	 and r1,r2
 247 0028 FA68     	 ldr r2,[r7,#12]
 248 002a 2032     	 add r2,r2,#32
 249 002c 9200     	 lsl r2,r2,#2
 250 002e D150     	 str r1,[r2,r3]
  74:../Libraries/XMCLib/src/xmc_pau.c **** }
 252              	.LM3:
 253 0030 BD46     	 mov sp,r7
 254 0032 04B0     	 add sp,sp,#16
 255              	 
 256 0034 80BD     	 pop {r7,pc}
 261              	.Lscope1:
 263              	 .stabd 78,0,0
 264 0036 C046     	 .section .text.XMC_PAU_DisablePeripheralAccess,"ax",%progbits
 265              	 .align 2
 268              	 .global XMC_PAU_DisablePeripheralAccess
 269              	 .code 16
 270              	 .thumb_func
 272              	XMC_PAU_DisablePeripheralAccess:
 273              	 .stabd 46,0,0
  75:../Libraries/XMCLib/src/xmc_pau.c **** 
  76:../Libraries/XMCLib/src/xmc_pau.c **** /*
  77:../Libraries/XMCLib/src/xmc_pau.c ****  * Disable peripheral access
  78:../Libraries/XMCLib/src/xmc_pau.c ****  */
  79:../Libraries/XMCLib/src/xmc_pau.c **** void XMC_PAU_DisablePeripheralAccess(XMC_PAU_PERIPHERAL_t peripheral)
  80:../Libraries/XMCLib/src/xmc_pau.c **** {
 275              	.LM4:
 276              	.LFBB2:
 277 0000 80B5     	 push {r7,lr}
 278 0002 84B0     	 sub sp,sp,#16
 279 0004 00AF     	 add r7,sp,#0
 280 0006 7860     	 str r0,[r7,#4]
  81:../Libraries/XMCLib/src/xmc_pau.c ****   uint32_t reg_num;
  82:../Libraries/XMCLib/src/xmc_pau.c **** 
  83:../Libraries/XMCLib/src/xmc_pau.c ****   reg_num = ((uint32_t)peripheral & 0xf0000000U) >> 28U;
 282              	.LM5:
 283 0008 7B68     	 ldr r3,[r7,#4]
 284 000a 1B0F     	 lsr r3,r3,#28
 285 000c FB60     	 str r3,[r7,#12]
  84:../Libraries/XMCLib/src/xmc_pau.c ****   XMC_PAU->PRIVDIS[reg_num] |= (uint32_t)((uint32_t)peripheral & 0x0fffffffUL);
 287              	.LM6:
 288 000e 8023     	 mov r3,#128
 289 0010 DB05     	 lsl r3,r3,#23
 290 0012 8022     	 mov r2,#128
 291 0014 D205     	 lsl r2,r2,#23
 292 0016 F968     	 ldr r1,[r7,#12]
 293 0018 2031     	 add r1,r1,#32
 294 001a 8900     	 lsl r1,r1,#2
 295 001c 8958     	 ldr r1,[r1,r2]
 296 001e 7A68     	 ldr r2,[r7,#4]
 297 0020 1201     	 lsl r2,r2,#4
 298 0022 1209     	 lsr r2,r2,#4
 299 0024 1143     	 orr r1,r2
 300 0026 FA68     	 ldr r2,[r7,#12]
 301 0028 2032     	 add r2,r2,#32
 302 002a 9200     	 lsl r2,r2,#2
 303 002c D150     	 str r1,[r2,r3]
  85:../Libraries/XMCLib/src/xmc_pau.c **** }
 305              	.LM7:
 306 002e BD46     	 mov sp,r7
 307 0030 04B0     	 add sp,sp,#16
 308              	 
 309 0032 80BD     	 pop {r7,pc}
 314              	.Lscope2:
 316              	 .stabd 78,0,0
 317              	 .section .text.XMC_PAU_IsPeripheralAccessEnabled,"ax",%progbits
 318              	 .align 2
 321              	 .global XMC_PAU_IsPeripheralAccessEnabled
 322              	 .code 16
 323              	 .thumb_func
 325              	XMC_PAU_IsPeripheralAccessEnabled:
 326              	 .stabd 46,0,0
  86:../Libraries/XMCLib/src/xmc_pau.c **** 
  87:../Libraries/XMCLib/src/xmc_pau.c **** /*
  88:../Libraries/XMCLib/src/xmc_pau.c ****  * Check if peripheral access is enabled 
  89:../Libraries/XMCLib/src/xmc_pau.c ****  */
  90:../Libraries/XMCLib/src/xmc_pau.c **** bool XMC_PAU_IsPeripheralAccessEnabled(XMC_PAU_PERIPHERAL_t peripheral)
  91:../Libraries/XMCLib/src/xmc_pau.c **** {
 328              	.LM8:
 329              	.LFBB3:
 330 0000 80B5     	 push {r7,lr}
 331 0002 84B0     	 sub sp,sp,#16
 332 0004 00AF     	 add r7,sp,#0
 333 0006 7860     	 str r0,[r7,#4]
  92:../Libraries/XMCLib/src/xmc_pau.c ****   uint32_t reg_num;
  93:../Libraries/XMCLib/src/xmc_pau.c **** 
  94:../Libraries/XMCLib/src/xmc_pau.c ****   reg_num = ((uint32_t)peripheral & 0xf0000000U) >> 28U;
 335              	.LM9:
 336 0008 7B68     	 ldr r3,[r7,#4]
 337 000a 1B0F     	 lsr r3,r3,#28
 338 000c FB60     	 str r3,[r7,#12]
  95:../Libraries/XMCLib/src/xmc_pau.c ****   return (bool)(XMC_PAU->PRIVDIS[reg_num] & ((uint32_t)peripheral & 0x0fffffffUL));
 340              	.LM10:
 341 000e 8023     	 mov r3,#128
 342 0010 DB05     	 lsl r3,r3,#23
 343 0012 FA68     	 ldr r2,[r7,#12]
 344 0014 2032     	 add r2,r2,#32
 345 0016 9200     	 lsl r2,r2,#2
 346 0018 D358     	 ldr r3,[r2,r3]
 347 001a 7A68     	 ldr r2,[r7,#4]
 348 001c 1340     	 and r3,r2
 349 001e 1B01     	 lsl r3,r3,#4
 350 0020 1B09     	 lsr r3,r3,#4
 351 0022 5A1E     	 sub r2,r3,#1
 352 0024 9341     	 sbc r3,r3,r2
 353 0026 DBB2     	 uxtb r3,r3
  96:../Libraries/XMCLib/src/xmc_pau.c **** }
 355              	.LM11:
 356 0028 181C     	 mov r0,r3
 357 002a BD46     	 mov sp,r7
 358 002c 04B0     	 add sp,sp,#16
 359              	 
 360 002e 80BD     	 pop {r7,pc}
 365              	.Lscope3:
 367              	 .stabd 78,0,0
 368              	 .section .text.XMC_PAU_IsPeripheralAvailable,"ax",%progbits
 369              	 .align 2
 372              	 .global XMC_PAU_IsPeripheralAvailable
 373              	 .code 16
 374              	 .thumb_func
 376              	XMC_PAU_IsPeripheralAvailable:
 377              	 .stabd 46,0,0
  97:../Libraries/XMCLib/src/xmc_pau.c **** 
  98:../Libraries/XMCLib/src/xmc_pau.c **** /*
  99:../Libraries/XMCLib/src/xmc_pau.c ****  * Check if peripheral is available
 100:../Libraries/XMCLib/src/xmc_pau.c ****  */
 101:../Libraries/XMCLib/src/xmc_pau.c **** bool XMC_PAU_IsPeripheralAvailable(XMC_PAU_PERIPHERAL_t peripheral)
 102:../Libraries/XMCLib/src/xmc_pau.c **** {
 379              	.LM12:
 380              	.LFBB4:
 381 0000 80B5     	 push {r7,lr}
 382 0002 84B0     	 sub sp,sp,#16
 383 0004 00AF     	 add r7,sp,#0
 384 0006 7860     	 str r0,[r7,#4]
 103:../Libraries/XMCLib/src/xmc_pau.c ****   uint32_t reg_num;
 104:../Libraries/XMCLib/src/xmc_pau.c **** 
 105:../Libraries/XMCLib/src/xmc_pau.c ****   reg_num = ((uint32_t)peripheral & 0xf0000000U) >> 28U;
 386              	.LM13:
 387 0008 7B68     	 ldr r3,[r7,#4]
 388 000a 1B0F     	 lsr r3,r3,#28
 389 000c FB60     	 str r3,[r7,#12]
 106:../Libraries/XMCLib/src/xmc_pau.c ****   return (bool)(XMC_PAU->AVAIL[reg_num] & ((uint32_t)peripheral & 0x0fffffffUL));
 391              	.LM14:
 392 000e 8023     	 mov r3,#128
 393 0010 DB05     	 lsl r3,r3,#23
 394 0012 FA68     	 ldr r2,[r7,#12]
 395 0014 1032     	 add r2,r2,#16
 396 0016 9200     	 lsl r2,r2,#2
 397 0018 D358     	 ldr r3,[r2,r3]
 398 001a 7A68     	 ldr r2,[r7,#4]
 399 001c 1340     	 and r3,r2
 400 001e 1B01     	 lsl r3,r3,#4
 401 0020 1B09     	 lsr r3,r3,#4
 402 0022 5A1E     	 sub r2,r3,#1
 403 0024 9341     	 sbc r3,r3,r2
 404 0026 DBB2     	 uxtb r3,r3
 107:../Libraries/XMCLib/src/xmc_pau.c **** }
 406              	.LM15:
 407 0028 181C     	 mov r0,r3
 408 002a BD46     	 mov sp,r7
 409 002c 04B0     	 add sp,sp,#16
 410              	 
 411 002e 80BD     	 pop {r7,pc}
 416              	.Lscope4:
 418              	 .stabd 78,0,0
 419              	 .text
 421              	.Letext0:
 422              	 .ident "GCC: (GNU Tools for ARM Embedded Processors) 4.9.3 20141119 (release) [ARM/embedded-4_9-branch revision 218278]"
DEFINED SYMBOLS
                            *ABS*:00000000 xmc_pau.c
    {standard input}:211    .text.XMC_PAU_EnablePeripheralAccess:00000000 $t
    {standard input}:218    .text.XMC_PAU_EnablePeripheralAccess:00000000 XMC_PAU_EnablePeripheralAccess
    {standard input}:265    .text.XMC_PAU_DisablePeripheralAccess:00000000 $t
    {standard input}:272    .text.XMC_PAU_DisablePeripheralAccess:00000000 XMC_PAU_DisablePeripheralAccess
    {standard input}:318    .text.XMC_PAU_IsPeripheralAccessEnabled:00000000 $t
    {standard input}:325    .text.XMC_PAU_IsPeripheralAccessEnabled:00000000 XMC_PAU_IsPeripheralAccessEnabled
    {standard input}:369    .text.XMC_PAU_IsPeripheralAvailable:00000000 $t
    {standard input}:376    .text.XMC_PAU_IsPeripheralAvailable:00000000 XMC_PAU_IsPeripheralAvailable

NO UNDEFINED SYMBOLS
