   1              	 .cpu cortex-m0
   2              	 .fpu softvfp
   3              	 .eabi_attribute 20,1
   4              	 .eabi_attribute 21,1
   5              	 .eabi_attribute 23,3
   6              	 .eabi_attribute 24,1
   7              	 .eabi_attribute 25,1
   8              	 .eabi_attribute 26,1
   9              	 .eabi_attribute 30,6
  10              	 .eabi_attribute 34,0
  11              	 .eabi_attribute 18,4
  12              	 .code 16
  13              	 .file "xmc_prng.c"
  16              	 .text
  17              	.Ltext0:
 213              	 .section .text.XMC_PRNG_SetRandomDataBlockSize,"ax",%progbits
 214              	 .align 2
 217              	 .code 16
 218              	 .thumb_func
 220              	XMC_PRNG_SetRandomDataBlockSize:
 221              	 .stabd 46,0,0
 223              	.Ltext1:
   1:C:/Users/USER/Workspaces/DAVE-4.3-64Bit/WS_2016_09_02/magic_cube/MagicCube/Libraries/XMCLib/inc/xmc_prng.h **** 
   2:C:/Users/USER/Workspaces/DAVE-4.3-64Bit/WS_2016_09_02/magic_cube/MagicCube/Libraries/XMCLib/inc/xmc_prng.h **** /**
   3:C:/Users/USER/Workspaces/DAVE-4.3-64Bit/WS_2016_09_02/magic_cube/MagicCube/Libraries/XMCLib/inc/xmc_prng.h ****  * @file xmc_prng.h
   4:C:/Users/USER/Workspaces/DAVE-4.3-64Bit/WS_2016_09_02/magic_cube/MagicCube/Libraries/XMCLib/inc/xmc_prng.h ****  * @date 2015-06-20
   5:C:/Users/USER/Workspaces/DAVE-4.3-64Bit/WS_2016_09_02/magic_cube/MagicCube/Libraries/XMCLib/inc/xmc_prng.h ****  *
   6:C:/Users/USER/Workspaces/DAVE-4.3-64Bit/WS_2016_09_02/magic_cube/MagicCube/Libraries/XMCLib/inc/xmc_prng.h ****  * @cond
   7:C:/Users/USER/Workspaces/DAVE-4.3-64Bit/WS_2016_09_02/magic_cube/MagicCube/Libraries/XMCLib/inc/xmc_prng.h ****  **************************************************************************************************
   8:C:/Users/USER/Workspaces/DAVE-4.3-64Bit/WS_2016_09_02/magic_cube/MagicCube/Libraries/XMCLib/inc/xmc_prng.h ****  * XMClib v2.1.8 - XMC Peripheral Driver Library 
   9:C:/Users/USER/Workspaces/DAVE-4.3-64Bit/WS_2016_09_02/magic_cube/MagicCube/Libraries/XMCLib/inc/xmc_prng.h ****  *
  10:C:/Users/USER/Workspaces/DAVE-4.3-64Bit/WS_2016_09_02/magic_cube/MagicCube/Libraries/XMCLib/inc/xmc_prng.h ****  * Copyright (c) 2015-2016, Infineon Technologies AG
  11:C:/Users/USER/Workspaces/DAVE-4.3-64Bit/WS_2016_09_02/magic_cube/MagicCube/Libraries/XMCLib/inc/xmc_prng.h ****  * All rights reserved.                        
  12:C:/Users/USER/Workspaces/DAVE-4.3-64Bit/WS_2016_09_02/magic_cube/MagicCube/Libraries/XMCLib/inc/xmc_prng.h ****  *                                             
  13:C:/Users/USER/Workspaces/DAVE-4.3-64Bit/WS_2016_09_02/magic_cube/MagicCube/Libraries/XMCLib/inc/xmc_prng.h ****  * Redistribution and use in source and binary forms, with or without modification,are permitted pr
  14:C:/Users/USER/Workspaces/DAVE-4.3-64Bit/WS_2016_09_02/magic_cube/MagicCube/Libraries/XMCLib/inc/xmc_prng.h ****  * following conditions are met:   
  15:C:/Users/USER/Workspaces/DAVE-4.3-64Bit/WS_2016_09_02/magic_cube/MagicCube/Libraries/XMCLib/inc/xmc_prng.h ****  *                                                                              
  16:C:/Users/USER/Workspaces/DAVE-4.3-64Bit/WS_2016_09_02/magic_cube/MagicCube/Libraries/XMCLib/inc/xmc_prng.h ****  * Redistributions of source code must retain the above copyright notice, this list of conditions a
  17:C:/Users/USER/Workspaces/DAVE-4.3-64Bit/WS_2016_09_02/magic_cube/MagicCube/Libraries/XMCLib/inc/xmc_prng.h ****  * disclaimer.                        
  18:C:/Users/USER/Workspaces/DAVE-4.3-64Bit/WS_2016_09_02/magic_cube/MagicCube/Libraries/XMCLib/inc/xmc_prng.h ****  * 
  19:C:/Users/USER/Workspaces/DAVE-4.3-64Bit/WS_2016_09_02/magic_cube/MagicCube/Libraries/XMCLib/inc/xmc_prng.h ****  * Redistributions in binary form must reproduce the above copyright notice, this list of condition
  20:C:/Users/USER/Workspaces/DAVE-4.3-64Bit/WS_2016_09_02/magic_cube/MagicCube/Libraries/XMCLib/inc/xmc_prng.h ****  * disclaimer in the documentation and/or other materials provided with the distribution.          
  21:C:/Users/USER/Workspaces/DAVE-4.3-64Bit/WS_2016_09_02/magic_cube/MagicCube/Libraries/XMCLib/inc/xmc_prng.h ****  * 
  22:C:/Users/USER/Workspaces/DAVE-4.3-64Bit/WS_2016_09_02/magic_cube/MagicCube/Libraries/XMCLib/inc/xmc_prng.h ****  * Neither the name of the copyright holders nor the names of its contributors may be used to endor
  23:C:/Users/USER/Workspaces/DAVE-4.3-64Bit/WS_2016_09_02/magic_cube/MagicCube/Libraries/XMCLib/inc/xmc_prng.h ****  * products derived from this software without specific prior written permission.                  
  24:C:/Users/USER/Workspaces/DAVE-4.3-64Bit/WS_2016_09_02/magic_cube/MagicCube/Libraries/XMCLib/inc/xmc_prng.h ****  *                                                                              
  25:C:/Users/USER/Workspaces/DAVE-4.3-64Bit/WS_2016_09_02/magic_cube/MagicCube/Libraries/XMCLib/inc/xmc_prng.h ****  * THIS SOFTWARE IS PROVIDED BY THE COPYRIGHT HOLDERS AND CONTRIBUTORS "AS IS" AND ANY EXPRESS OR I
  26:C:/Users/USER/Workspaces/DAVE-4.3-64Bit/WS_2016_09_02/magic_cube/MagicCube/Libraries/XMCLib/inc/xmc_prng.h ****  * INCLUDING, BUT NOT LIMITED TO, THE IMPLIED WARRANTIES OF MERCHANTABILITY AND FITNESS FOR A PARTI
  27:C:/Users/USER/Workspaces/DAVE-4.3-64Bit/WS_2016_09_02/magic_cube/MagicCube/Libraries/XMCLib/inc/xmc_prng.h ****  * DISCLAIMED. IN NO EVENT SHALL THE COPYRIGHT HOLDER OR CONTRIBUTORS BE LIABLE  FOR ANY DIRECT, IN
  28:C:/Users/USER/Workspaces/DAVE-4.3-64Bit/WS_2016_09_02/magic_cube/MagicCube/Libraries/XMCLib/inc/xmc_prng.h ****  * SPECIAL, EXEMPLARY, OR CONSEQUENTIAL DAMAGES (INCLUDING, BUT NOT LIMITED TO, PROCUREMENT OF SUBS
  29:C:/Users/USER/Workspaces/DAVE-4.3-64Bit/WS_2016_09_02/magic_cube/MagicCube/Libraries/XMCLib/inc/xmc_prng.h ****  * SERVICES; LOSS OF USE, DATA, OR PROFITS; OR BUSINESS INTERRUPTION) HOWEVER CAUSED AND ON ANY THE
  30:C:/Users/USER/Workspaces/DAVE-4.3-64Bit/WS_2016_09_02/magic_cube/MagicCube/Libraries/XMCLib/inc/xmc_prng.h ****  * WHETHER IN CONTRACT, STRICT LIABILITY,OR TORT (INCLUDING NEGLIGENCE OR OTHERWISE) ARISING IN ANY
  31:C:/Users/USER/Workspaces/DAVE-4.3-64Bit/WS_2016_09_02/magic_cube/MagicCube/Libraries/XMCLib/inc/xmc_prng.h ****  * OF THIS SOFTWARE, EVEN IF ADVISED OF THE POSSIBILITY OF SUCH DAMAGE.                            
  32:C:/Users/USER/Workspaces/DAVE-4.3-64Bit/WS_2016_09_02/magic_cube/MagicCube/Libraries/XMCLib/inc/xmc_prng.h ****  *                                                                              
  33:C:/Users/USER/Workspaces/DAVE-4.3-64Bit/WS_2016_09_02/magic_cube/MagicCube/Libraries/XMCLib/inc/xmc_prng.h ****  * To improve the quality of the software, users are encouraged to share modifications, enhancement
  34:C:/Users/USER/Workspaces/DAVE-4.3-64Bit/WS_2016_09_02/magic_cube/MagicCube/Libraries/XMCLib/inc/xmc_prng.h ****  * Infineon Technologies AG dave@infineon.com).                                                    
  35:C:/Users/USER/Workspaces/DAVE-4.3-64Bit/WS_2016_09_02/magic_cube/MagicCube/Libraries/XMCLib/inc/xmc_prng.h ****  **************************************************************************************************
  36:C:/Users/USER/Workspaces/DAVE-4.3-64Bit/WS_2016_09_02/magic_cube/MagicCube/Libraries/XMCLib/inc/xmc_prng.h ****  *
  37:C:/Users/USER/Workspaces/DAVE-4.3-64Bit/WS_2016_09_02/magic_cube/MagicCube/Libraries/XMCLib/inc/xmc_prng.h ****  * Change History
  38:C:/Users/USER/Workspaces/DAVE-4.3-64Bit/WS_2016_09_02/magic_cube/MagicCube/Libraries/XMCLib/inc/xmc_prng.h ****  * --------------
  39:C:/Users/USER/Workspaces/DAVE-4.3-64Bit/WS_2016_09_02/magic_cube/MagicCube/Libraries/XMCLib/inc/xmc_prng.h ****  *
  40:C:/Users/USER/Workspaces/DAVE-4.3-64Bit/WS_2016_09_02/magic_cube/MagicCube/Libraries/XMCLib/inc/xmc_prng.h ****  * 2015-02-20:
  41:C:/Users/USER/Workspaces/DAVE-4.3-64Bit/WS_2016_09_02/magic_cube/MagicCube/Libraries/XMCLib/inc/xmc_prng.h ****  *     - Initial <br>
  42:C:/Users/USER/Workspaces/DAVE-4.3-64Bit/WS_2016_09_02/magic_cube/MagicCube/Libraries/XMCLib/inc/xmc_prng.h ****  *     - Documentation updates <br>
  43:C:/Users/USER/Workspaces/DAVE-4.3-64Bit/WS_2016_09_02/magic_cube/MagicCube/Libraries/XMCLib/inc/xmc_prng.h ****  *
  44:C:/Users/USER/Workspaces/DAVE-4.3-64Bit/WS_2016_09_02/magic_cube/MagicCube/Libraries/XMCLib/inc/xmc_prng.h ****  * 2015-06-20:
  45:C:/Users/USER/Workspaces/DAVE-4.3-64Bit/WS_2016_09_02/magic_cube/MagicCube/Libraries/XMCLib/inc/xmc_prng.h ****  *     - Removed version macros and declaration of GetDriverVersion API <br>
  46:C:/Users/USER/Workspaces/DAVE-4.3-64Bit/WS_2016_09_02/magic_cube/MagicCube/Libraries/XMCLib/inc/xmc_prng.h ****  *
  47:C:/Users/USER/Workspaces/DAVE-4.3-64Bit/WS_2016_09_02/magic_cube/MagicCube/Libraries/XMCLib/inc/xmc_prng.h ****  * @endcond
  48:C:/Users/USER/Workspaces/DAVE-4.3-64Bit/WS_2016_09_02/magic_cube/MagicCube/Libraries/XMCLib/inc/xmc_prng.h ****  */
  49:C:/Users/USER/Workspaces/DAVE-4.3-64Bit/WS_2016_09_02/magic_cube/MagicCube/Libraries/XMCLib/inc/xmc_prng.h ****  
  50:C:/Users/USER/Workspaces/DAVE-4.3-64Bit/WS_2016_09_02/magic_cube/MagicCube/Libraries/XMCLib/inc/xmc_prng.h **** #ifndef XMC_PRNG_H
  51:C:/Users/USER/Workspaces/DAVE-4.3-64Bit/WS_2016_09_02/magic_cube/MagicCube/Libraries/XMCLib/inc/xmc_prng.h **** #define XMC_PRNG_H
  52:C:/Users/USER/Workspaces/DAVE-4.3-64Bit/WS_2016_09_02/magic_cube/MagicCube/Libraries/XMCLib/inc/xmc_prng.h **** 
  53:C:/Users/USER/Workspaces/DAVE-4.3-64Bit/WS_2016_09_02/magic_cube/MagicCube/Libraries/XMCLib/inc/xmc_prng.h **** /**************************************************************************************************
  54:C:/Users/USER/Workspaces/DAVE-4.3-64Bit/WS_2016_09_02/magic_cube/MagicCube/Libraries/XMCLib/inc/xmc_prng.h ****  * HEADER FILES
  55:C:/Users/USER/Workspaces/DAVE-4.3-64Bit/WS_2016_09_02/magic_cube/MagicCube/Libraries/XMCLib/inc/xmc_prng.h ****  **************************************************************************************************
  56:C:/Users/USER/Workspaces/DAVE-4.3-64Bit/WS_2016_09_02/magic_cube/MagicCube/Libraries/XMCLib/inc/xmc_prng.h **** 
  57:C:/Users/USER/Workspaces/DAVE-4.3-64Bit/WS_2016_09_02/magic_cube/MagicCube/Libraries/XMCLib/inc/xmc_prng.h **** #include "xmc_common.h"
  58:C:/Users/USER/Workspaces/DAVE-4.3-64Bit/WS_2016_09_02/magic_cube/MagicCube/Libraries/XMCLib/inc/xmc_prng.h **** 
  59:C:/Users/USER/Workspaces/DAVE-4.3-64Bit/WS_2016_09_02/magic_cube/MagicCube/Libraries/XMCLib/inc/xmc_prng.h **** #if defined (PRNG) 
  60:C:/Users/USER/Workspaces/DAVE-4.3-64Bit/WS_2016_09_02/magic_cube/MagicCube/Libraries/XMCLib/inc/xmc_prng.h **** 
  61:C:/Users/USER/Workspaces/DAVE-4.3-64Bit/WS_2016_09_02/magic_cube/MagicCube/Libraries/XMCLib/inc/xmc_prng.h **** /**
  62:C:/Users/USER/Workspaces/DAVE-4.3-64Bit/WS_2016_09_02/magic_cube/MagicCube/Libraries/XMCLib/inc/xmc_prng.h ****  * @addtogroup XMClib XMC Peripheral Library
  63:C:/Users/USER/Workspaces/DAVE-4.3-64Bit/WS_2016_09_02/magic_cube/MagicCube/Libraries/XMCLib/inc/xmc_prng.h ****  * @{
  64:C:/Users/USER/Workspaces/DAVE-4.3-64Bit/WS_2016_09_02/magic_cube/MagicCube/Libraries/XMCLib/inc/xmc_prng.h ****  */
  65:C:/Users/USER/Workspaces/DAVE-4.3-64Bit/WS_2016_09_02/magic_cube/MagicCube/Libraries/XMCLib/inc/xmc_prng.h **** 
  66:C:/Users/USER/Workspaces/DAVE-4.3-64Bit/WS_2016_09_02/magic_cube/MagicCube/Libraries/XMCLib/inc/xmc_prng.h **** /**
  67:C:/Users/USER/Workspaces/DAVE-4.3-64Bit/WS_2016_09_02/magic_cube/MagicCube/Libraries/XMCLib/inc/xmc_prng.h ****  * @addtogroup PRNG
  68:C:/Users/USER/Workspaces/DAVE-4.3-64Bit/WS_2016_09_02/magic_cube/MagicCube/Libraries/XMCLib/inc/xmc_prng.h ****  * @brief Pseudo Random Number Generator (PRNG) driver for XMC1000 microcontroller family
  69:C:/Users/USER/Workspaces/DAVE-4.3-64Bit/WS_2016_09_02/magic_cube/MagicCube/Libraries/XMCLib/inc/xmc_prng.h ****  *
  70:C:/Users/USER/Workspaces/DAVE-4.3-64Bit/WS_2016_09_02/magic_cube/MagicCube/Libraries/XMCLib/inc/xmc_prng.h ****  * The pseudo random bit generator (PRNG) provides random data with fast generation times.
  71:C:/Users/USER/Workspaces/DAVE-4.3-64Bit/WS_2016_09_02/magic_cube/MagicCube/Libraries/XMCLib/inc/xmc_prng.h ****  * PRNG has to be initialized by the user software before use. The initialization consists
  72:C:/Users/USER/Workspaces/DAVE-4.3-64Bit/WS_2016_09_02/magic_cube/MagicCube/Libraries/XMCLib/inc/xmc_prng.h ****  * of two basic phases: key-loading and warm-up.
  73:C:/Users/USER/Workspaces/DAVE-4.3-64Bit/WS_2016_09_02/magic_cube/MagicCube/Libraries/XMCLib/inc/xmc_prng.h ****  *  
  74:C:/Users/USER/Workspaces/DAVE-4.3-64Bit/WS_2016_09_02/magic_cube/MagicCube/Libraries/XMCLib/inc/xmc_prng.h ****  * The PRNG low level driver provides functions to configure and initialize the PRNG hardware
  75:C:/Users/USER/Workspaces/DAVE-4.3-64Bit/WS_2016_09_02/magic_cube/MagicCube/Libraries/XMCLib/inc/xmc_prng.h ****  * peripheral.
  76:C:/Users/USER/Workspaces/DAVE-4.3-64Bit/WS_2016_09_02/magic_cube/MagicCube/Libraries/XMCLib/inc/xmc_prng.h ****  * @{
  77:C:/Users/USER/Workspaces/DAVE-4.3-64Bit/WS_2016_09_02/magic_cube/MagicCube/Libraries/XMCLib/inc/xmc_prng.h ****  */  
  78:C:/Users/USER/Workspaces/DAVE-4.3-64Bit/WS_2016_09_02/magic_cube/MagicCube/Libraries/XMCLib/inc/xmc_prng.h **** 
  79:C:/Users/USER/Workspaces/DAVE-4.3-64Bit/WS_2016_09_02/magic_cube/MagicCube/Libraries/XMCLib/inc/xmc_prng.h **** /**************************************************************************************************
  80:C:/Users/USER/Workspaces/DAVE-4.3-64Bit/WS_2016_09_02/magic_cube/MagicCube/Libraries/XMCLib/inc/xmc_prng.h ****  * MACROS
  81:C:/Users/USER/Workspaces/DAVE-4.3-64Bit/WS_2016_09_02/magic_cube/MagicCube/Libraries/XMCLib/inc/xmc_prng.h ****  **************************************************************************************************
  82:C:/Users/USER/Workspaces/DAVE-4.3-64Bit/WS_2016_09_02/magic_cube/MagicCube/Libraries/XMCLib/inc/xmc_prng.h ****  
  83:C:/Users/USER/Workspaces/DAVE-4.3-64Bit/WS_2016_09_02/magic_cube/MagicCube/Libraries/XMCLib/inc/xmc_prng.h **** /**
  84:C:/Users/USER/Workspaces/DAVE-4.3-64Bit/WS_2016_09_02/magic_cube/MagicCube/Libraries/XMCLib/inc/xmc_prng.h ****  * Byte mask value for random data block size
  85:C:/Users/USER/Workspaces/DAVE-4.3-64Bit/WS_2016_09_02/magic_cube/MagicCube/Libraries/XMCLib/inc/xmc_prng.h ****  */ 
  86:C:/Users/USER/Workspaces/DAVE-4.3-64Bit/WS_2016_09_02/magic_cube/MagicCube/Libraries/XMCLib/inc/xmc_prng.h **** #define XMC_PRNG_RDBS_BYTE_READ_MASK (0x00FFU)
  87:C:/Users/USER/Workspaces/DAVE-4.3-64Bit/WS_2016_09_02/magic_cube/MagicCube/Libraries/XMCLib/inc/xmc_prng.h **** 
  88:C:/Users/USER/Workspaces/DAVE-4.3-64Bit/WS_2016_09_02/magic_cube/MagicCube/Libraries/XMCLib/inc/xmc_prng.h **** /**************************************************************************************************
  89:C:/Users/USER/Workspaces/DAVE-4.3-64Bit/WS_2016_09_02/magic_cube/MagicCube/Libraries/XMCLib/inc/xmc_prng.h ****  * ENUMS
  90:C:/Users/USER/Workspaces/DAVE-4.3-64Bit/WS_2016_09_02/magic_cube/MagicCube/Libraries/XMCLib/inc/xmc_prng.h ****  **************************************************************************************************
  91:C:/Users/USER/Workspaces/DAVE-4.3-64Bit/WS_2016_09_02/magic_cube/MagicCube/Libraries/XMCLib/inc/xmc_prng.h **** 
  92:C:/Users/USER/Workspaces/DAVE-4.3-64Bit/WS_2016_09_02/magic_cube/MagicCube/Libraries/XMCLib/inc/xmc_prng.h **** /**
  93:C:/Users/USER/Workspaces/DAVE-4.3-64Bit/WS_2016_09_02/magic_cube/MagicCube/Libraries/XMCLib/inc/xmc_prng.h ****  * PRNG key load operation modes
  94:C:/Users/USER/Workspaces/DAVE-4.3-64Bit/WS_2016_09_02/magic_cube/MagicCube/Libraries/XMCLib/inc/xmc_prng.h ****  */
  95:C:/Users/USER/Workspaces/DAVE-4.3-64Bit/WS_2016_09_02/magic_cube/MagicCube/Libraries/XMCLib/inc/xmc_prng.h **** typedef enum XMC_PRNG_KEY_LOAD_OP_MODE {
  96:C:/Users/USER/Workspaces/DAVE-4.3-64Bit/WS_2016_09_02/magic_cube/MagicCube/Libraries/XMCLib/inc/xmc_prng.h ****   XMC_PRNG_STRM_MODE = 0U, /**< Streaming mode (default) */
  97:C:/Users/USER/Workspaces/DAVE-4.3-64Bit/WS_2016_09_02/magic_cube/MagicCube/Libraries/XMCLib/inc/xmc_prng.h ****   XMC_PRNG_KLD_MODE  = 1U  /**< Loading mode */
  98:C:/Users/USER/Workspaces/DAVE-4.3-64Bit/WS_2016_09_02/magic_cube/MagicCube/Libraries/XMCLib/inc/xmc_prng.h **** } XMC_PRNG_KEY_LOAD_OP_MODE_t;
  99:C:/Users/USER/Workspaces/DAVE-4.3-64Bit/WS_2016_09_02/magic_cube/MagicCube/Libraries/XMCLib/inc/xmc_prng.h **** 
 100:C:/Users/USER/Workspaces/DAVE-4.3-64Bit/WS_2016_09_02/magic_cube/MagicCube/Libraries/XMCLib/inc/xmc_prng.h **** /**
 101:C:/Users/USER/Workspaces/DAVE-4.3-64Bit/WS_2016_09_02/magic_cube/MagicCube/Libraries/XMCLib/inc/xmc_prng.h ****  * PRNG data block size
 102:C:/Users/USER/Workspaces/DAVE-4.3-64Bit/WS_2016_09_02/magic_cube/MagicCube/Libraries/XMCLib/inc/xmc_prng.h ****  */
 103:C:/Users/USER/Workspaces/DAVE-4.3-64Bit/WS_2016_09_02/magic_cube/MagicCube/Libraries/XMCLib/inc/xmc_prng.h **** typedef enum XMC_PRNG_DATA_BLOCK_SIZE {
 104:C:/Users/USER/Workspaces/DAVE-4.3-64Bit/WS_2016_09_02/magic_cube/MagicCube/Libraries/XMCLib/inc/xmc_prng.h ****   XMC_PRNG_RDBS_RESET = 0U, /**< Reset state (no random data block size defined) */
 105:C:/Users/USER/Workspaces/DAVE-4.3-64Bit/WS_2016_09_02/magic_cube/MagicCube/Libraries/XMCLib/inc/xmc_prng.h ****   XMC_PRNG_RDBS_BYTE  = 1U, /**< BYTE (8-bit) */
 106:C:/Users/USER/Workspaces/DAVE-4.3-64Bit/WS_2016_09_02/magic_cube/MagicCube/Libraries/XMCLib/inc/xmc_prng.h ****   XMC_PRNG_RDBS_WORD  = 2U  /**< WORD (16-bit) */
 107:C:/Users/USER/Workspaces/DAVE-4.3-64Bit/WS_2016_09_02/magic_cube/MagicCube/Libraries/XMCLib/inc/xmc_prng.h **** } XMC_PRNG_DATA_BLOCK_SIZE_t;
 108:C:/Users/USER/Workspaces/DAVE-4.3-64Bit/WS_2016_09_02/magic_cube/MagicCube/Libraries/XMCLib/inc/xmc_prng.h **** 
 109:C:/Users/USER/Workspaces/DAVE-4.3-64Bit/WS_2016_09_02/magic_cube/MagicCube/Libraries/XMCLib/inc/xmc_prng.h **** /**
 110:C:/Users/USER/Workspaces/DAVE-4.3-64Bit/WS_2016_09_02/magic_cube/MagicCube/Libraries/XMCLib/inc/xmc_prng.h ****  * PRNG driver initialization status
 111:C:/Users/USER/Workspaces/DAVE-4.3-64Bit/WS_2016_09_02/magic_cube/MagicCube/Libraries/XMCLib/inc/xmc_prng.h ****  */
 112:C:/Users/USER/Workspaces/DAVE-4.3-64Bit/WS_2016_09_02/magic_cube/MagicCube/Libraries/XMCLib/inc/xmc_prng.h **** typedef enum XMC_PRNG_INIT_STATUS {
 113:C:/Users/USER/Workspaces/DAVE-4.3-64Bit/WS_2016_09_02/magic_cube/MagicCube/Libraries/XMCLib/inc/xmc_prng.h ****   XMC_PRNG_NOT_INITIALIZED = 0U, /**< Reset state or Non-initialized state (Same as XMC_PRNG_RDBS_R
 114:C:/Users/USER/Workspaces/DAVE-4.3-64Bit/WS_2016_09_02/magic_cube/MagicCube/Libraries/XMCLib/inc/xmc_prng.h ****   XMC_PRNG_INITIALIZED     = 1U  /**< Initialized state */
 115:C:/Users/USER/Workspaces/DAVE-4.3-64Bit/WS_2016_09_02/magic_cube/MagicCube/Libraries/XMCLib/inc/xmc_prng.h **** } XMC_PRNG_INIT_STATUS_t;
 116:C:/Users/USER/Workspaces/DAVE-4.3-64Bit/WS_2016_09_02/magic_cube/MagicCube/Libraries/XMCLib/inc/xmc_prng.h **** 
 117:C:/Users/USER/Workspaces/DAVE-4.3-64Bit/WS_2016_09_02/magic_cube/MagicCube/Libraries/XMCLib/inc/xmc_prng.h **** /**************************************************************************************************
 118:C:/Users/USER/Workspaces/DAVE-4.3-64Bit/WS_2016_09_02/magic_cube/MagicCube/Libraries/XMCLib/inc/xmc_prng.h ****  * DATA STRUCTURES
 119:C:/Users/USER/Workspaces/DAVE-4.3-64Bit/WS_2016_09_02/magic_cube/MagicCube/Libraries/XMCLib/inc/xmc_prng.h ****  **************************************************************************************************
 120:C:/Users/USER/Workspaces/DAVE-4.3-64Bit/WS_2016_09_02/magic_cube/MagicCube/Libraries/XMCLib/inc/xmc_prng.h **** 
 121:C:/Users/USER/Workspaces/DAVE-4.3-64Bit/WS_2016_09_02/magic_cube/MagicCube/Libraries/XMCLib/inc/xmc_prng.h **** /**
 122:C:/Users/USER/Workspaces/DAVE-4.3-64Bit/WS_2016_09_02/magic_cube/MagicCube/Libraries/XMCLib/inc/xmc_prng.h ****  * Key words and data block size configuration values of PRNG <br>
 123:C:/Users/USER/Workspaces/DAVE-4.3-64Bit/WS_2016_09_02/magic_cube/MagicCube/Libraries/XMCLib/inc/xmc_prng.h ****  *
 124:C:/Users/USER/Workspaces/DAVE-4.3-64Bit/WS_2016_09_02/magic_cube/MagicCube/Libraries/XMCLib/inc/xmc_prng.h ****  * The structure presents a convenient way to set/obtain the key word and data block configuration
 125:C:/Users/USER/Workspaces/DAVE-4.3-64Bit/WS_2016_09_02/magic_cube/MagicCube/Libraries/XMCLib/inc/xmc_prng.h ****  * values of PRNG.
 126:C:/Users/USER/Workspaces/DAVE-4.3-64Bit/WS_2016_09_02/magic_cube/MagicCube/Libraries/XMCLib/inc/xmc_prng.h ****  * The XMC_PRNG_Init() can be used to populate the structure with the key word and data block
 127:C:/Users/USER/Workspaces/DAVE-4.3-64Bit/WS_2016_09_02/magic_cube/MagicCube/Libraries/XMCLib/inc/xmc_prng.h ****  * configuration values of the PRNG module.
 128:C:/Users/USER/Workspaces/DAVE-4.3-64Bit/WS_2016_09_02/magic_cube/MagicCube/Libraries/XMCLib/inc/xmc_prng.h ****  */ 
 129:C:/Users/USER/Workspaces/DAVE-4.3-64Bit/WS_2016_09_02/magic_cube/MagicCube/Libraries/XMCLib/inc/xmc_prng.h **** typedef struct XMC_PRNG_INIT
 130:C:/Users/USER/Workspaces/DAVE-4.3-64Bit/WS_2016_09_02/magic_cube/MagicCube/Libraries/XMCLib/inc/xmc_prng.h **** {
 131:C:/Users/USER/Workspaces/DAVE-4.3-64Bit/WS_2016_09_02/magic_cube/MagicCube/Libraries/XMCLib/inc/xmc_prng.h ****   uint16_t key_words[5];                 /**< Keywords */
 132:C:/Users/USER/Workspaces/DAVE-4.3-64Bit/WS_2016_09_02/magic_cube/MagicCube/Libraries/XMCLib/inc/xmc_prng.h ****   XMC_PRNG_DATA_BLOCK_SIZE_t block_size; /**< Block size */
 133:C:/Users/USER/Workspaces/DAVE-4.3-64Bit/WS_2016_09_02/magic_cube/MagicCube/Libraries/XMCLib/inc/xmc_prng.h **** } XMC_PRNG_INIT_t;
 134:C:/Users/USER/Workspaces/DAVE-4.3-64Bit/WS_2016_09_02/magic_cube/MagicCube/Libraries/XMCLib/inc/xmc_prng.h **** 
 135:C:/Users/USER/Workspaces/DAVE-4.3-64Bit/WS_2016_09_02/magic_cube/MagicCube/Libraries/XMCLib/inc/xmc_prng.h **** /**************************************************************************************************
 136:C:/Users/USER/Workspaces/DAVE-4.3-64Bit/WS_2016_09_02/magic_cube/MagicCube/Libraries/XMCLib/inc/xmc_prng.h ****  * API PROTOTYPES
 137:C:/Users/USER/Workspaces/DAVE-4.3-64Bit/WS_2016_09_02/magic_cube/MagicCube/Libraries/XMCLib/inc/xmc_prng.h ****  **************************************************************************************************
 138:C:/Users/USER/Workspaces/DAVE-4.3-64Bit/WS_2016_09_02/magic_cube/MagicCube/Libraries/XMCLib/inc/xmc_prng.h **** 
 139:C:/Users/USER/Workspaces/DAVE-4.3-64Bit/WS_2016_09_02/magic_cube/MagicCube/Libraries/XMCLib/inc/xmc_prng.h **** #ifdef __cplusplus
 140:C:/Users/USER/Workspaces/DAVE-4.3-64Bit/WS_2016_09_02/magic_cube/MagicCube/Libraries/XMCLib/inc/xmc_prng.h **** extern "C" {
 141:C:/Users/USER/Workspaces/DAVE-4.3-64Bit/WS_2016_09_02/magic_cube/MagicCube/Libraries/XMCLib/inc/xmc_prng.h **** #endif
 142:C:/Users/USER/Workspaces/DAVE-4.3-64Bit/WS_2016_09_02/magic_cube/MagicCube/Libraries/XMCLib/inc/xmc_prng.h **** 
 143:C:/Users/USER/Workspaces/DAVE-4.3-64Bit/WS_2016_09_02/magic_cube/MagicCube/Libraries/XMCLib/inc/xmc_prng.h **** /**
 144:C:/Users/USER/Workspaces/DAVE-4.3-64Bit/WS_2016_09_02/magic_cube/MagicCube/Libraries/XMCLib/inc/xmc_prng.h ****  * @param prng Pointer to a constant instance of ::XMC_PRNG_INIT_t, pointing to
 145:C:/Users/USER/Workspaces/DAVE-4.3-64Bit/WS_2016_09_02/magic_cube/MagicCube/Libraries/XMCLib/inc/xmc_prng.h ****  *             the initialization configuration.
 146:C:/Users/USER/Workspaces/DAVE-4.3-64Bit/WS_2016_09_02/magic_cube/MagicCube/Libraries/XMCLib/inc/xmc_prng.h ****  * @return XMC_PRNG_INIT_STATUS_t XMC_PRNG_INITIALIZED if initialized,
 147:C:/Users/USER/Workspaces/DAVE-4.3-64Bit/WS_2016_09_02/magic_cube/MagicCube/Libraries/XMCLib/inc/xmc_prng.h ****  *                                XMC_PRNG_NOT_INITIALIZED otherwise.
 148:C:/Users/USER/Workspaces/DAVE-4.3-64Bit/WS_2016_09_02/magic_cube/MagicCube/Libraries/XMCLib/inc/xmc_prng.h ****  *
 149:C:/Users/USER/Workspaces/DAVE-4.3-64Bit/WS_2016_09_02/magic_cube/MagicCube/Libraries/XMCLib/inc/xmc_prng.h ****  * \par<b>Description: </b><br>
 150:C:/Users/USER/Workspaces/DAVE-4.3-64Bit/WS_2016_09_02/magic_cube/MagicCube/Libraries/XMCLib/inc/xmc_prng.h ****  * Initialize the PRNG peripheral with the configured key words and block size <br>
 151:C:/Users/USER/Workspaces/DAVE-4.3-64Bit/WS_2016_09_02/magic_cube/MagicCube/Libraries/XMCLib/inc/xmc_prng.h ****  *
 152:C:/Users/USER/Workspaces/DAVE-4.3-64Bit/WS_2016_09_02/magic_cube/MagicCube/Libraries/XMCLib/inc/xmc_prng.h ****  * \par
 153:C:/Users/USER/Workspaces/DAVE-4.3-64Bit/WS_2016_09_02/magic_cube/MagicCube/Libraries/XMCLib/inc/xmc_prng.h ****  * The function configures block size for key loading mode, enables key loading mode,
 154:C:/Users/USER/Workspaces/DAVE-4.3-64Bit/WS_2016_09_02/magic_cube/MagicCube/Libraries/XMCLib/inc/xmc_prng.h ****  * loads key words (80 bits) and wait till RDV is set, enables the streaming mode and
 155:C:/Users/USER/Workspaces/DAVE-4.3-64Bit/WS_2016_09_02/magic_cube/MagicCube/Libraries/XMCLib/inc/xmc_prng.h ****  * waits for warmup phase. This function programmes the CTRL and WORD registers. 
 156:C:/Users/USER/Workspaces/DAVE-4.3-64Bit/WS_2016_09_02/magic_cube/MagicCube/Libraries/XMCLib/inc/xmc_prng.h ****  */
 157:C:/Users/USER/Workspaces/DAVE-4.3-64Bit/WS_2016_09_02/magic_cube/MagicCube/Libraries/XMCLib/inc/xmc_prng.h **** XMC_PRNG_INIT_STATUS_t XMC_PRNG_Init(const XMC_PRNG_INIT_t *prng);
 158:C:/Users/USER/Workspaces/DAVE-4.3-64Bit/WS_2016_09_02/magic_cube/MagicCube/Libraries/XMCLib/inc/xmc_prng.h **** 
 159:C:/Users/USER/Workspaces/DAVE-4.3-64Bit/WS_2016_09_02/magic_cube/MagicCube/Libraries/XMCLib/inc/xmc_prng.h **** 
 160:C:/Users/USER/Workspaces/DAVE-4.3-64Bit/WS_2016_09_02/magic_cube/MagicCube/Libraries/XMCLib/inc/xmc_prng.h **** 
 161:C:/Users/USER/Workspaces/DAVE-4.3-64Bit/WS_2016_09_02/magic_cube/MagicCube/Libraries/XMCLib/inc/xmc_prng.h **** /**
 162:C:/Users/USER/Workspaces/DAVE-4.3-64Bit/WS_2016_09_02/magic_cube/MagicCube/Libraries/XMCLib/inc/xmc_prng.h ****  * @param block_size Block size of type ::XMC_PRNG_DATA_BLOCK_SIZE_t for read access
 163:C:/Users/USER/Workspaces/DAVE-4.3-64Bit/WS_2016_09_02/magic_cube/MagicCube/Libraries/XMCLib/inc/xmc_prng.h ****  * @return None
 164:C:/Users/USER/Workspaces/DAVE-4.3-64Bit/WS_2016_09_02/magic_cube/MagicCube/Libraries/XMCLib/inc/xmc_prng.h ****  *
 165:C:/Users/USER/Workspaces/DAVE-4.3-64Bit/WS_2016_09_02/magic_cube/MagicCube/Libraries/XMCLib/inc/xmc_prng.h ****  * \par<b>Description: </b><br>
 166:C:/Users/USER/Workspaces/DAVE-4.3-64Bit/WS_2016_09_02/magic_cube/MagicCube/Libraries/XMCLib/inc/xmc_prng.h ****  * Programming Random Block Size <br>
 167:C:/Users/USER/Workspaces/DAVE-4.3-64Bit/WS_2016_09_02/magic_cube/MagicCube/Libraries/XMCLib/inc/xmc_prng.h ****  *
 168:C:/Users/USER/Workspaces/DAVE-4.3-64Bit/WS_2016_09_02/magic_cube/MagicCube/Libraries/XMCLib/inc/xmc_prng.h ****  * \par
 169:C:/Users/USER/Workspaces/DAVE-4.3-64Bit/WS_2016_09_02/magic_cube/MagicCube/Libraries/XMCLib/inc/xmc_prng.h ****  * The function sets the random data block size as byte or word by programming CTRL.RDBS bitfield.
 170:C:/Users/USER/Workspaces/DAVE-4.3-64Bit/WS_2016_09_02/magic_cube/MagicCube/Libraries/XMCLib/inc/xmc_prng.h ****  * block_size = 0 for Reset state, block_size = 1 for 'byte' and block_size = 2 for 'word'.
 171:C:/Users/USER/Workspaces/DAVE-4.3-64Bit/WS_2016_09_02/magic_cube/MagicCube/Libraries/XMCLib/inc/xmc_prng.h ****  */
 172:C:/Users/USER/Workspaces/DAVE-4.3-64Bit/WS_2016_09_02/magic_cube/MagicCube/Libraries/XMCLib/inc/xmc_prng.h **** __STATIC_INLINE void XMC_PRNG_SetRandomDataBlockSize(XMC_PRNG_DATA_BLOCK_SIZE_t block_size)
 173:C:/Users/USER/Workspaces/DAVE-4.3-64Bit/WS_2016_09_02/magic_cube/MagicCube/Libraries/XMCLib/inc/xmc_prng.h **** {
 225              	.LM0:
 226              	.LFBB1:
 227 0000 80B5     	 push {r7,lr}
 228 0002 82B0     	 sub sp,sp,#8
 229 0004 00AF     	 add r7,sp,#0
 230 0006 021C     	 mov r2,r0
 231 0008 FB1D     	 add r3,r7,#7
 232 000a 1A70     	 strb r2,[r3]
 174:C:/Users/USER/Workspaces/DAVE-4.3-64Bit/WS_2016_09_02/magic_cube/MagicCube/Libraries/XMCLib/inc/xmc_prng.h ****   PRNG->CTRL = (uint16_t)((PRNG->CTRL & (uint32_t)~PRNG_CTRL_RDBS_Msk) |
 234              	.LM1:
 235 000c 0849     	 ldr r1,.L2
 236 000e 084B     	 ldr r3,.L2
 237 0010 9B89     	 ldrh r3,[r3,#12]
 238 0012 9BB2     	 uxth r3,r3
 239 0014 0622     	 mov r2,#6
 240 0016 9343     	 bic r3,r2
 241 0018 9AB2     	 uxth r2,r3
 242 001a FB1D     	 add r3,r7,#7
 243 001c 1B78     	 ldrb r3,[r3]
 244 001e 9BB2     	 uxth r3,r3
 245 0020 DB18     	 add r3,r3,r3
 246 0022 9BB2     	 uxth r3,r3
 247 0024 1343     	 orr r3,r2
 248 0026 9BB2     	 uxth r3,r3
 249 0028 8B81     	 strh r3,[r1,#12]
 175:C:/Users/USER/Workspaces/DAVE-4.3-64Bit/WS_2016_09_02/magic_cube/MagicCube/Libraries/XMCLib/inc/xmc_prng.h ****                           ((uint32_t)block_size << (uint32_t)PRNG_CTRL_RDBS_Pos));
 176:C:/Users/USER/Workspaces/DAVE-4.3-64Bit/WS_2016_09_02/magic_cube/MagicCube/Libraries/XMCLib/inc/xmc_prng.h **** }
 251              	.LM2:
 252 002a BD46     	 mov sp,r7
 253 002c 02B0     	 add sp,sp,#8
 254              	 
 255 002e 80BD     	 pop {r7,pc}
 256              	.L3:
 257              	 .align 2
 258              	.L2:
 259 0030 00000248 	 .word 1208090624
 261              	.Lscope1:
 263              	 .stabd 78,0,0
 264              	 .section .text.XMC_PRNG_CheckValidStatus,"ax",%progbits
 265              	 .align 2
 267              	 .code 16
 268              	 .thumb_func
 270              	XMC_PRNG_CheckValidStatus:
 271              	 .stabd 46,0,0
 177:C:/Users/USER/Workspaces/DAVE-4.3-64Bit/WS_2016_09_02/magic_cube/MagicCube/Libraries/XMCLib/inc/xmc_prng.h **** 
 178:C:/Users/USER/Workspaces/DAVE-4.3-64Bit/WS_2016_09_02/magic_cube/MagicCube/Libraries/XMCLib/inc/xmc_prng.h **** /**
 179:C:/Users/USER/Workspaces/DAVE-4.3-64Bit/WS_2016_09_02/magic_cube/MagicCube/Libraries/XMCLib/inc/xmc_prng.h ****  * @return None
 180:C:/Users/USER/Workspaces/DAVE-4.3-64Bit/WS_2016_09_02/magic_cube/MagicCube/Libraries/XMCLib/inc/xmc_prng.h ****  *
 181:C:/Users/USER/Workspaces/DAVE-4.3-64Bit/WS_2016_09_02/magic_cube/MagicCube/Libraries/XMCLib/inc/xmc_prng.h ****  * \par<b>Description: </b><br>
 182:C:/Users/USER/Workspaces/DAVE-4.3-64Bit/WS_2016_09_02/magic_cube/MagicCube/Libraries/XMCLib/inc/xmc_prng.h ****  * Checks the validity (CHK.RDV bit) of the generated random data <br>
 183:C:/Users/USER/Workspaces/DAVE-4.3-64Bit/WS_2016_09_02/magic_cube/MagicCube/Libraries/XMCLib/inc/xmc_prng.h ****  *
 184:C:/Users/USER/Workspaces/DAVE-4.3-64Bit/WS_2016_09_02/magic_cube/MagicCube/Libraries/XMCLib/inc/xmc_prng.h ****  * \par
 185:C:/Users/USER/Workspaces/DAVE-4.3-64Bit/WS_2016_09_02/magic_cube/MagicCube/Libraries/XMCLib/inc/xmc_prng.h ****  * The function checks the validity (CHK.RDV bit) of the generated random data.
 186:C:/Users/USER/Workspaces/DAVE-4.3-64Bit/WS_2016_09_02/magic_cube/MagicCube/Libraries/XMCLib/inc/xmc_prng.h ****  * In key loading mode, this value indicates if the next partial key word can be written
 187:C:/Users/USER/Workspaces/DAVE-4.3-64Bit/WS_2016_09_02/magic_cube/MagicCube/Libraries/XMCLib/inc/xmc_prng.h ****  * to PRNG_WORD or not.
 188:C:/Users/USER/Workspaces/DAVE-4.3-64Bit/WS_2016_09_02/magic_cube/MagicCube/Libraries/XMCLib/inc/xmc_prng.h ****  */
 189:C:/Users/USER/Workspaces/DAVE-4.3-64Bit/WS_2016_09_02/magic_cube/MagicCube/Libraries/XMCLib/inc/xmc_prng.h **** __STATIC_INLINE uint16_t XMC_PRNG_CheckValidStatus(void)
 190:C:/Users/USER/Workspaces/DAVE-4.3-64Bit/WS_2016_09_02/magic_cube/MagicCube/Libraries/XMCLib/inc/xmc_prng.h **** {
 273              	.LM3:
 274              	.LFBB2:
 275 0000 80B5     	 push {r7,lr}
 276 0002 00AF     	 add r7,sp,#0
 191:C:/Users/USER/Workspaces/DAVE-4.3-64Bit/WS_2016_09_02/magic_cube/MagicCube/Libraries/XMCLib/inc/xmc_prng.h ****   return (PRNG->CHK & PRNG_CHK_RDV_Msk);
 278              	.LM4:
 279 0004 044B     	 ldr r3,.L6
 280 0006 9B88     	 ldrh r3,[r3,#4]
 281 0008 9BB2     	 uxth r3,r3
 282 000a 0122     	 mov r2,#1
 283 000c 1340     	 and r3,r2
 284 000e 9BB2     	 uxth r3,r3
 192:C:/Users/USER/Workspaces/DAVE-4.3-64Bit/WS_2016_09_02/magic_cube/MagicCube/Libraries/XMCLib/inc/xmc_prng.h **** }
 286              	.LM5:
 287 0010 181C     	 mov r0,r3
 288 0012 BD46     	 mov sp,r7
 289              	 
 290 0014 80BD     	 pop {r7,pc}
 291              	.L7:
 292 0016 C046     	 .align 2
 293              	.L6:
 294 0018 00000248 	 .word 1208090624
 296              	.Lscope2:
 298              	 .stabd 78,0,0
 299              	 .section .text.XMC_PRNG_EnableKeyLoadingMode,"ax",%progbits
 300              	 .align 2
 302              	 .code 16
 303              	 .thumb_func
 305              	XMC_PRNG_EnableKeyLoadingMode:
 306              	 .stabd 46,0,0
 193:C:/Users/USER/Workspaces/DAVE-4.3-64Bit/WS_2016_09_02/magic_cube/MagicCube/Libraries/XMCLib/inc/xmc_prng.h **** 
 194:C:/Users/USER/Workspaces/DAVE-4.3-64Bit/WS_2016_09_02/magic_cube/MagicCube/Libraries/XMCLib/inc/xmc_prng.h **** /**
 195:C:/Users/USER/Workspaces/DAVE-4.3-64Bit/WS_2016_09_02/magic_cube/MagicCube/Libraries/XMCLib/inc/xmc_prng.h ****  * @return None
 196:C:/Users/USER/Workspaces/DAVE-4.3-64Bit/WS_2016_09_02/magic_cube/MagicCube/Libraries/XMCLib/inc/xmc_prng.h ****  *
 197:C:/Users/USER/Workspaces/DAVE-4.3-64Bit/WS_2016_09_02/magic_cube/MagicCube/Libraries/XMCLib/inc/xmc_prng.h ****  * \par<b>Description: </b><br>
 198:C:/Users/USER/Workspaces/DAVE-4.3-64Bit/WS_2016_09_02/magic_cube/MagicCube/Libraries/XMCLib/inc/xmc_prng.h ****  * Enables the PRNG key loading mode <br>
 199:C:/Users/USER/Workspaces/DAVE-4.3-64Bit/WS_2016_09_02/magic_cube/MagicCube/Libraries/XMCLib/inc/xmc_prng.h ****  *
 200:C:/Users/USER/Workspaces/DAVE-4.3-64Bit/WS_2016_09_02/magic_cube/MagicCube/Libraries/XMCLib/inc/xmc_prng.h ****  * \par
 201:C:/Users/USER/Workspaces/DAVE-4.3-64Bit/WS_2016_09_02/magic_cube/MagicCube/Libraries/XMCLib/inc/xmc_prng.h ****  * The function initializes the key loading by setting the bit CTRL.KLD. In this mode, Register WOR
 202:C:/Users/USER/Workspaces/DAVE-4.3-64Bit/WS_2016_09_02/magic_cube/MagicCube/Libraries/XMCLib/inc/xmc_prng.h ****  * acts as always as a 16 bit destination register. After the complete key has been loaded, the CTR
 203:C:/Users/USER/Workspaces/DAVE-4.3-64Bit/WS_2016_09_02/magic_cube/MagicCube/Libraries/XMCLib/inc/xmc_prng.h ****  * must be set to '0' to prepare the following warmup phase.
 204:C:/Users/USER/Workspaces/DAVE-4.3-64Bit/WS_2016_09_02/magic_cube/MagicCube/Libraries/XMCLib/inc/xmc_prng.h ****  *
 205:C:/Users/USER/Workspaces/DAVE-4.3-64Bit/WS_2016_09_02/magic_cube/MagicCube/Libraries/XMCLib/inc/xmc_prng.h ****  * \par<b>Related APIs:</b><br>
 206:C:/Users/USER/Workspaces/DAVE-4.3-64Bit/WS_2016_09_02/magic_cube/MagicCube/Libraries/XMCLib/inc/xmc_prng.h ****  * XMC_PRNG_EnableStreamingMode()
 207:C:/Users/USER/Workspaces/DAVE-4.3-64Bit/WS_2016_09_02/magic_cube/MagicCube/Libraries/XMCLib/inc/xmc_prng.h ****  */
 208:C:/Users/USER/Workspaces/DAVE-4.3-64Bit/WS_2016_09_02/magic_cube/MagicCube/Libraries/XMCLib/inc/xmc_prng.h **** __STATIC_INLINE void XMC_PRNG_EnableKeyLoadingMode(void)
 209:C:/Users/USER/Workspaces/DAVE-4.3-64Bit/WS_2016_09_02/magic_cube/MagicCube/Libraries/XMCLib/inc/xmc_prng.h **** {
 308              	.LM6:
 309              	.LFBB3:
 310 0000 80B5     	 push {r7,lr}
 311 0002 00AF     	 add r7,sp,#0
 210:C:/Users/USER/Workspaces/DAVE-4.3-64Bit/WS_2016_09_02/magic_cube/MagicCube/Libraries/XMCLib/inc/xmc_prng.h ****   PRNG->CTRL |= (uint16_t)PRNG_CTRL_KLD_Msk;
 313              	.LM7:
 314 0004 044A     	 ldr r2,.L9
 315 0006 044B     	 ldr r3,.L9
 316 0008 9B89     	 ldrh r3,[r3,#12]
 317 000a 9BB2     	 uxth r3,r3
 318 000c 0821     	 mov r1,#8
 319 000e 0B43     	 orr r3,r1
 320 0010 9BB2     	 uxth r3,r3
 321 0012 9381     	 strh r3,[r2,#12]
 211:C:/Users/USER/Workspaces/DAVE-4.3-64Bit/WS_2016_09_02/magic_cube/MagicCube/Libraries/XMCLib/inc/xmc_prng.h **** }
 323              	.LM8:
 324 0014 BD46     	 mov sp,r7
 325              	 
 326 0016 80BD     	 pop {r7,pc}
 327              	.L10:
 328              	 .align 2
 329              	.L9:
 330 0018 00000248 	 .word 1208090624
 332              	.Lscope3:
 334              	 .stabd 78,0,0
 335              	 .section .text.XMC_PRNG_EnableStreamingMode,"ax",%progbits
 336              	 .align 2
 338              	 .code 16
 339              	 .thumb_func
 341              	XMC_PRNG_EnableStreamingMode:
 342              	 .stabd 46,0,0
 212:C:/Users/USER/Workspaces/DAVE-4.3-64Bit/WS_2016_09_02/magic_cube/MagicCube/Libraries/XMCLib/inc/xmc_prng.h **** 
 213:C:/Users/USER/Workspaces/DAVE-4.3-64Bit/WS_2016_09_02/magic_cube/MagicCube/Libraries/XMCLib/inc/xmc_prng.h **** /**
 214:C:/Users/USER/Workspaces/DAVE-4.3-64Bit/WS_2016_09_02/magic_cube/MagicCube/Libraries/XMCLib/inc/xmc_prng.h ****  * @return None
 215:C:/Users/USER/Workspaces/DAVE-4.3-64Bit/WS_2016_09_02/magic_cube/MagicCube/Libraries/XMCLib/inc/xmc_prng.h ****  *
 216:C:/Users/USER/Workspaces/DAVE-4.3-64Bit/WS_2016_09_02/magic_cube/MagicCube/Libraries/XMCLib/inc/xmc_prng.h ****  * \par<b>Description: </b><br>
 217:C:/Users/USER/Workspaces/DAVE-4.3-64Bit/WS_2016_09_02/magic_cube/MagicCube/Libraries/XMCLib/inc/xmc_prng.h ****  * Enables the Streaming mode <br>
 218:C:/Users/USER/Workspaces/DAVE-4.3-64Bit/WS_2016_09_02/magic_cube/MagicCube/Libraries/XMCLib/inc/xmc_prng.h ****  *
 219:C:/Users/USER/Workspaces/DAVE-4.3-64Bit/WS_2016_09_02/magic_cube/MagicCube/Libraries/XMCLib/inc/xmc_prng.h ****  * \par
 220:C:/Users/USER/Workspaces/DAVE-4.3-64Bit/WS_2016_09_02/magic_cube/MagicCube/Libraries/XMCLib/inc/xmc_prng.h ****  * The function enables the streaming mode and disables the PRNG key loading mode by resetting the
 221:C:/Users/USER/Workspaces/DAVE-4.3-64Bit/WS_2016_09_02/magic_cube/MagicCube/Libraries/XMCLib/inc/xmc_prng.h ****  * CTRL.KLD bit. 
 222:C:/Users/USER/Workspaces/DAVE-4.3-64Bit/WS_2016_09_02/magic_cube/MagicCube/Libraries/XMCLib/inc/xmc_prng.h ****  *
 223:C:/Users/USER/Workspaces/DAVE-4.3-64Bit/WS_2016_09_02/magic_cube/MagicCube/Libraries/XMCLib/inc/xmc_prng.h ****  * \par<b>Related APIs:</b><br>
 224:C:/Users/USER/Workspaces/DAVE-4.3-64Bit/WS_2016_09_02/magic_cube/MagicCube/Libraries/XMCLib/inc/xmc_prng.h ****  * XMC_PRNG_EnableKeyLoadingMode()
 225:C:/Users/USER/Workspaces/DAVE-4.3-64Bit/WS_2016_09_02/magic_cube/MagicCube/Libraries/XMCLib/inc/xmc_prng.h ****  */
 226:C:/Users/USER/Workspaces/DAVE-4.3-64Bit/WS_2016_09_02/magic_cube/MagicCube/Libraries/XMCLib/inc/xmc_prng.h **** __STATIC_INLINE void XMC_PRNG_EnableStreamingMode(void)
 227:C:/Users/USER/Workspaces/DAVE-4.3-64Bit/WS_2016_09_02/magic_cube/MagicCube/Libraries/XMCLib/inc/xmc_prng.h **** {
 344              	.LM9:
 345              	.LFBB4:
 346 0000 80B5     	 push {r7,lr}
 347 0002 00AF     	 add r7,sp,#0
 228:C:/Users/USER/Workspaces/DAVE-4.3-64Bit/WS_2016_09_02/magic_cube/MagicCube/Libraries/XMCLib/inc/xmc_prng.h ****   PRNG->CTRL &= (uint16_t)~PRNG_CTRL_KLD_Msk;
 349              	.LM10:
 350 0004 044A     	 ldr r2,.L12
 351 0006 044B     	 ldr r3,.L12
 352 0008 9B89     	 ldrh r3,[r3,#12]
 353 000a 9BB2     	 uxth r3,r3
 354 000c 0821     	 mov r1,#8
 355 000e 8B43     	 bic r3,r1
 356 0010 9BB2     	 uxth r3,r3
 357 0012 9381     	 strh r3,[r2,#12]
 229:C:/Users/USER/Workspaces/DAVE-4.3-64Bit/WS_2016_09_02/magic_cube/MagicCube/Libraries/XMCLib/inc/xmc_prng.h **** }
 359              	.LM11:
 360 0014 BD46     	 mov sp,r7
 361              	 
 362 0016 80BD     	 pop {r7,pc}
 363              	.L13:
 364              	 .align 2
 365              	.L12:
 366 0018 00000248 	 .word 1208090624
 368              	.Lscope4:
 370              	 .stabd 78,0,0
 371              	 .section .text.XMC_PRNG_LoadKeyWords,"ax",%progbits
 372              	 .align 2
 375              	 .code 16
 376              	 .thumb_func
 378              	XMC_PRNG_LoadKeyWords:
 379              	 .stabd 46,0,0
 230:C:/Users/USER/Workspaces/DAVE-4.3-64Bit/WS_2016_09_02/magic_cube/MagicCube/Libraries/XMCLib/inc/xmc_prng.h **** 
 231:C:/Users/USER/Workspaces/DAVE-4.3-64Bit/WS_2016_09_02/magic_cube/MagicCube/Libraries/XMCLib/inc/xmc_prng.h **** /**
 232:C:/Users/USER/Workspaces/DAVE-4.3-64Bit/WS_2016_09_02/magic_cube/MagicCube/Libraries/XMCLib/inc/xmc_prng.h ****  * @param key Key word to load into PRNG WORD register
 233:C:/Users/USER/Workspaces/DAVE-4.3-64Bit/WS_2016_09_02/magic_cube/MagicCube/Libraries/XMCLib/inc/xmc_prng.h ****  * @return None
 234:C:/Users/USER/Workspaces/DAVE-4.3-64Bit/WS_2016_09_02/magic_cube/MagicCube/Libraries/XMCLib/inc/xmc_prng.h ****  *
 235:C:/Users/USER/Workspaces/DAVE-4.3-64Bit/WS_2016_09_02/magic_cube/MagicCube/Libraries/XMCLib/inc/xmc_prng.h ****  * \par<b>Description: </b><br>
 236:C:/Users/USER/Workspaces/DAVE-4.3-64Bit/WS_2016_09_02/magic_cube/MagicCube/Libraries/XMCLib/inc/xmc_prng.h ****  * Loads a partial key word to the PRNG WORD register <br>
 237:C:/Users/USER/Workspaces/DAVE-4.3-64Bit/WS_2016_09_02/magic_cube/MagicCube/Libraries/XMCLib/inc/xmc_prng.h ****  *
 238:C:/Users/USER/Workspaces/DAVE-4.3-64Bit/WS_2016_09_02/magic_cube/MagicCube/Libraries/XMCLib/inc/xmc_prng.h ****  * \par
 239:C:/Users/USER/Workspaces/DAVE-4.3-64Bit/WS_2016_09_02/magic_cube/MagicCube/Libraries/XMCLib/inc/xmc_prng.h ****  * The function loads partial key word to WORD registr. These partial
 240:C:/Users/USER/Workspaces/DAVE-4.3-64Bit/WS_2016_09_02/magic_cube/MagicCube/Libraries/XMCLib/inc/xmc_prng.h ****  * words are sequentially written and loading a key word will take 16 clock
 241:C:/Users/USER/Workspaces/DAVE-4.3-64Bit/WS_2016_09_02/magic_cube/MagicCube/Libraries/XMCLib/inc/xmc_prng.h ****  * cycles. The CHK.RDV bit is set to '0' while loading is in progress. '1' indicates
 242:C:/Users/USER/Workspaces/DAVE-4.3-64Bit/WS_2016_09_02/magic_cube/MagicCube/Libraries/XMCLib/inc/xmc_prng.h ****  * that the next partial key word can be written to WORD register. 
 243:C:/Users/USER/Workspaces/DAVE-4.3-64Bit/WS_2016_09_02/magic_cube/MagicCube/Libraries/XMCLib/inc/xmc_prng.h ****  */
 244:C:/Users/USER/Workspaces/DAVE-4.3-64Bit/WS_2016_09_02/magic_cube/MagicCube/Libraries/XMCLib/inc/xmc_prng.h **** __STATIC_INLINE void XMC_PRNG_LoadKeyWords(uint16_t key)
 245:C:/Users/USER/Workspaces/DAVE-4.3-64Bit/WS_2016_09_02/magic_cube/MagicCube/Libraries/XMCLib/inc/xmc_prng.h **** {
 381              	.LM12:
 382              	.LFBB5:
 383 0000 80B5     	 push {r7,lr}
 384 0002 82B0     	 sub sp,sp,#8
 385 0004 00AF     	 add r7,sp,#0
 386 0006 021C     	 mov r2,r0
 387 0008 BB1D     	 add r3,r7,#6
 388 000a 1A80     	 strh r2,[r3]
 246:C:/Users/USER/Workspaces/DAVE-4.3-64Bit/WS_2016_09_02/magic_cube/MagicCube/Libraries/XMCLib/inc/xmc_prng.h ****   PRNG->WORD = key;
 390              	.LM13:
 391 000c 034A     	 ldr r2,.L15
 392 000e BB1D     	 add r3,r7,#6
 393 0010 1B88     	 ldrh r3,[r3]
 394 0012 1380     	 strh r3,[r2]
 247:C:/Users/USER/Workspaces/DAVE-4.3-64Bit/WS_2016_09_02/magic_cube/MagicCube/Libraries/XMCLib/inc/xmc_prng.h **** }
 396              	.LM14:
 397 0014 BD46     	 mov sp,r7
 398 0016 02B0     	 add sp,sp,#8
 399              	 
 400 0018 80BD     	 pop {r7,pc}
 401              	.L16:
 402 001a C046     	 .align 2
 403              	.L15:
 404 001c 00000248 	 .word 1208090624
 406              	.Lscope5:
 408              	 .stabd 78,0,0
 409              	 .section .text.XMC_PRNG_Init,"ax",%progbits
 410              	 .align 2
 413              	 .global XMC_PRNG_Init
 414              	 .code 16
 415              	 .thumb_func
 417              	XMC_PRNG_Init:
 418              	 .stabd 46,0,0
 420              	.Ltext2:
   1:../Libraries/XMCLib/src/xmc_prng.c **** 
   2:../Libraries/XMCLib/src/xmc_prng.c **** /**
   3:../Libraries/XMCLib/src/xmc_prng.c ****  * @file xmc_prng.c
   4:../Libraries/XMCLib/src/xmc_prng.c ****  * @date 2015-06-20
   5:../Libraries/XMCLib/src/xmc_prng.c ****  *
   6:../Libraries/XMCLib/src/xmc_prng.c ****  * @cond
   7:../Libraries/XMCLib/src/xmc_prng.c ****  **************************************************************************************************
   8:../Libraries/XMCLib/src/xmc_prng.c ****  * XMClib v2.1.8 - XMC Peripheral Driver Library 
   9:../Libraries/XMCLib/src/xmc_prng.c ****  *
  10:../Libraries/XMCLib/src/xmc_prng.c ****  * Copyright (c) 2015-2016, Infineon Technologies AG
  11:../Libraries/XMCLib/src/xmc_prng.c ****  * All rights reserved.                        
  12:../Libraries/XMCLib/src/xmc_prng.c ****  *                                             
  13:../Libraries/XMCLib/src/xmc_prng.c ****  * Redistribution and use in source and binary forms, with or without modification,are permitted pr
  14:../Libraries/XMCLib/src/xmc_prng.c ****  * following conditions are met:   
  15:../Libraries/XMCLib/src/xmc_prng.c ****  *                                                                              
  16:../Libraries/XMCLib/src/xmc_prng.c ****  * Redistributions of source code must retain the above copyright notice, this list of conditions a
  17:../Libraries/XMCLib/src/xmc_prng.c ****  * disclaimer.                        
  18:../Libraries/XMCLib/src/xmc_prng.c ****  * 
  19:../Libraries/XMCLib/src/xmc_prng.c ****  * Redistributions in binary form must reproduce the above copyright notice, this list of condition
  20:../Libraries/XMCLib/src/xmc_prng.c ****  * disclaimer in the documentation and/or other materials provided with the distribution.          
  21:../Libraries/XMCLib/src/xmc_prng.c ****  * 
  22:../Libraries/XMCLib/src/xmc_prng.c ****  * Neither the name of the copyright holders nor the names of its contributors may be used to endor
  23:../Libraries/XMCLib/src/xmc_prng.c ****  * products derived from this software without specific prior written permission.                  
  24:../Libraries/XMCLib/src/xmc_prng.c ****  *                                                                              
  25:../Libraries/XMCLib/src/xmc_prng.c ****  * THIS SOFTWARE IS PROVIDED BY THE COPYRIGHT HOLDERS AND CONTRIBUTORS "AS IS" AND ANY EXPRESS OR I
  26:../Libraries/XMCLib/src/xmc_prng.c ****  * INCLUDING, BUT NOT LIMITED TO, THE IMPLIED WARRANTIES OF MERCHANTABILITY AND FITNESS FOR A PARTI
  27:../Libraries/XMCLib/src/xmc_prng.c ****  * DISCLAIMED. IN NO EVENT SHALL THE COPYRIGHT HOLDER OR CONTRIBUTORS BE LIABLE  FOR ANY DIRECT, IN
  28:../Libraries/XMCLib/src/xmc_prng.c ****  * SPECIAL, EXEMPLARY, OR CONSEQUENTIAL DAMAGES (INCLUDING, BUT NOT LIMITED TO, PROCUREMENT OF SUBS
  29:../Libraries/XMCLib/src/xmc_prng.c ****  * SERVICES; LOSS OF USE, DATA, OR PROFITS; OR BUSINESS INTERRUPTION) HOWEVER CAUSED AND ON ANY THE
  30:../Libraries/XMCLib/src/xmc_prng.c ****  * WHETHER IN CONTRACT, STRICT LIABILITY,OR TORT (INCLUDING NEGLIGENCE OR OTHERWISE) ARISING IN ANY
  31:../Libraries/XMCLib/src/xmc_prng.c ****  * OF THIS SOFTWARE, EVEN IF ADVISED OF THE POSSIBILITY OF SUCH DAMAGE.                            
  32:../Libraries/XMCLib/src/xmc_prng.c ****  *                                                                              
  33:../Libraries/XMCLib/src/xmc_prng.c ****  * To improve the quality of the software, users are encouraged to share modifications, enhancement
  34:../Libraries/XMCLib/src/xmc_prng.c ****  * Infineon Technologies AG dave@infineon.com).                                                    
  35:../Libraries/XMCLib/src/xmc_prng.c ****  **************************************************************************************************
  36:../Libraries/XMCLib/src/xmc_prng.c ****  *
  37:../Libraries/XMCLib/src/xmc_prng.c ****  * Change History
  38:../Libraries/XMCLib/src/xmc_prng.c ****  * --------------
  39:../Libraries/XMCLib/src/xmc_prng.c ****  *
  40:../Libraries/XMCLib/src/xmc_prng.c ****  * 2015-02-20:
  41:../Libraries/XMCLib/src/xmc_prng.c ****  *     - Initial <br>
  42:../Libraries/XMCLib/src/xmc_prng.c ****  *     - Removed GetDriverVersion API <br>
  43:../Libraries/XMCLib/src/xmc_prng.c ****  *
  44:../Libraries/XMCLib/src/xmc_prng.c ****  * 2015-06-20
  45:../Libraries/XMCLib/src/xmc_prng.c ****  *     - Removed definition of GetDriverVersion API <br>
  46:../Libraries/XMCLib/src/xmc_prng.c ****  *
  47:../Libraries/XMCLib/src/xmc_prng.c ****  * @endcond
  48:../Libraries/XMCLib/src/xmc_prng.c ****  */
  49:../Libraries/XMCLib/src/xmc_prng.c ****  
  50:../Libraries/XMCLib/src/xmc_prng.c **** #include "xmc_prng.h"
  51:../Libraries/XMCLib/src/xmc_prng.c **** 
  52:../Libraries/XMCLib/src/xmc_prng.c **** #if defined (PRNG)
  53:../Libraries/XMCLib/src/xmc_prng.c **** 
  54:../Libraries/XMCLib/src/xmc_prng.c **** /**************************************************************************************************
  55:../Libraries/XMCLib/src/xmc_prng.c ****  * API IMPLEMENTATION
  56:../Libraries/XMCLib/src/xmc_prng.c ****  **************************************************************************************************
  57:../Libraries/XMCLib/src/xmc_prng.c ****  
  58:../Libraries/XMCLib/src/xmc_prng.c **** /*
  59:../Libraries/XMCLib/src/xmc_prng.c ****  * Initializes the PRNG peripheral with the settings in the
  60:../Libraries/XMCLib/src/xmc_prng.c ****  * initialization structure XMC_PRNG_INIT_t
  61:../Libraries/XMCLib/src/xmc_prng.c ****  */
  62:../Libraries/XMCLib/src/xmc_prng.c **** XMC_PRNG_INIT_STATUS_t XMC_PRNG_Init(const XMC_PRNG_INIT_t *prng)
  63:../Libraries/XMCLib/src/xmc_prng.c **** {
 422              	.LM15:
 423              	.LFBB6:
 424 0000 80B5     	 push {r7,lr}
 425 0002 84B0     	 sub sp,sp,#16
 426 0004 00AF     	 add r7,sp,#0
 427 0006 7860     	 str r0,[r7,#4]
  64:../Libraries/XMCLib/src/xmc_prng.c ****   volatile uint16_t read_warm_up;
  65:../Libraries/XMCLib/src/xmc_prng.c ****   uint16_t reg_val, iter;
  66:../Libraries/XMCLib/src/xmc_prng.c ****   XMC_PRNG_INIT_STATUS_t status = XMC_PRNG_INITIALIZED;
 429              	.LM16:
 430 0008 0D23     	 mov r3,#13
 431 000a FB18     	 add r3,r7,r3
 432 000c 0122     	 mov r2,#1
 433 000e 1A70     	 strb r2,[r3]
  67:../Libraries/XMCLib/src/xmc_prng.c ****   
  68:../Libraries/XMCLib/src/xmc_prng.c ****   XMC_ASSERT("XMC_PRNG_Init:Null Pointer", (prng != (XMC_PRNG_INIT_t *)NULL));
  69:../Libraries/XMCLib/src/xmc_prng.c **** 
  70:../Libraries/XMCLib/src/xmc_prng.c ****   /* Configure block size for key loading mode */
  71:../Libraries/XMCLib/src/xmc_prng.c ****   XMC_PRNG_SetRandomDataBlockSize(XMC_PRNG_RDBS_WORD);
 435              	.LM17:
 436 0010 0220     	 mov r0,#2
 437 0012 FFF7FEFF 	 bl XMC_PRNG_SetRandomDataBlockSize
  72:../Libraries/XMCLib/src/xmc_prng.c **** 
  73:../Libraries/XMCLib/src/xmc_prng.c ****   /* Enable key loading mode */
  74:../Libraries/XMCLib/src/xmc_prng.c ****   XMC_PRNG_EnableKeyLoadingMode();
 439              	.LM18:
 440 0016 FFF7FEFF 	 bl XMC_PRNG_EnableKeyLoadingMode
  75:../Libraries/XMCLib/src/xmc_prng.c **** 
  76:../Libraries/XMCLib/src/xmc_prng.c ****   /* Load key words (80 bits) and wait till RDV is set */
  77:../Libraries/XMCLib/src/xmc_prng.c ****   for (iter = (uint16_t)0UL; iter < (uint16_t)5UL; iter++)
 442              	.LM19:
 443 001a 0E23     	 mov r3,#14
 444 001c FB18     	 add r3,r7,r3
 445 001e 0022     	 mov r2,#0
 446 0020 1A80     	 strh r2,[r3]
 447 0022 15E0     	 b .L18
 448              	.L20:
  78:../Libraries/XMCLib/src/xmc_prng.c ****   {
  79:../Libraries/XMCLib/src/xmc_prng.c ****     XMC_PRNG_LoadKeyWords(prng->key_words[iter]);
 450              	.LM20:
 451 0024 0E23     	 mov r3,#14
 452 0026 FB18     	 add r3,r7,r3
 453 0028 1A88     	 ldrh r2,[r3]
 454 002a 7B68     	 ldr r3,[r7,#4]
 455 002c 5200     	 lsl r2,r2,#1
 456 002e D35A     	 ldrh r3,[r2,r3]
 457 0030 181C     	 mov r0,r3
 458 0032 FFF7FEFF 	 bl XMC_PRNG_LoadKeyWords
  80:../Libraries/XMCLib/src/xmc_prng.c ****     while (PRNG_CHK_RDV_Msk != XMC_PRNG_CheckValidStatus());
 460              	.LM21:
 461 0036 C046     	 mov r8,r8
 462              	.L19:
 464              	.LM22:
 465 0038 FFF7FEFF 	 bl XMC_PRNG_CheckValidStatus
 466 003c 031E     	 sub r3,r0,#0
 467 003e 012B     	 cmp r3,#1
 468 0040 FAD1     	 bne .L19
  77:../Libraries/XMCLib/src/xmc_prng.c ****   {
 470              	.LM23:
 471 0042 0E23     	 mov r3,#14
 472 0044 FB18     	 add r3,r7,r3
 473 0046 1A88     	 ldrh r2,[r3]
 474 0048 0E23     	 mov r3,#14
 475 004a FB18     	 add r3,r7,r3
 476 004c 0132     	 add r2,r2,#1
 477 004e 1A80     	 strh r2,[r3]
 478              	.L18:
  77:../Libraries/XMCLib/src/xmc_prng.c ****   {
 480              	.LM24:
 481 0050 0E23     	 mov r3,#14
 482 0052 FB18     	 add r3,r7,r3
 483 0054 1B88     	 ldrh r3,[r3]
 484 0056 042B     	 cmp r3,#4
 485 0058 E4D9     	 bls .L20
  81:../Libraries/XMCLib/src/xmc_prng.c ****   }
  82:../Libraries/XMCLib/src/xmc_prng.c ****   
  83:../Libraries/XMCLib/src/xmc_prng.c ****   XMC_PRNG_EnableStreamingMode();
 487              	.LM25:
 488 005a FFF7FEFF 	 bl XMC_PRNG_EnableStreamingMode
  84:../Libraries/XMCLib/src/xmc_prng.c **** 
  85:../Libraries/XMCLib/src/xmc_prng.c ****   /* Warm up phase: Read and discard 64 bits */
  86:../Libraries/XMCLib/src/xmc_prng.c ****   read_warm_up = PRNG->WORD;
 490              	.LM26:
 491 005e 1D4B     	 ldr r3,.L23
 492 0060 1B88     	 ldrh r3,[r3]
 493 0062 9AB2     	 uxth r2,r3
 494 0064 0823     	 mov r3,#8
 495 0066 FB18     	 add r3,r7,r3
 496 0068 1A80     	 strh r2,[r3]
  87:../Libraries/XMCLib/src/xmc_prng.c ****   read_warm_up = PRNG->WORD;
 498              	.LM27:
 499 006a 1A4B     	 ldr r3,.L23
 500 006c 1B88     	 ldrh r3,[r3]
 501 006e 9AB2     	 uxth r2,r3
 502 0070 0823     	 mov r3,#8
 503 0072 FB18     	 add r3,r7,r3
 504 0074 1A80     	 strh r2,[r3]
  88:../Libraries/XMCLib/src/xmc_prng.c ****   read_warm_up = PRNG->WORD;
 506              	.LM28:
 507 0076 174B     	 ldr r3,.L23
 508 0078 1B88     	 ldrh r3,[r3]
 509 007a 9AB2     	 uxth r2,r3
 510 007c 0823     	 mov r3,#8
 511 007e FB18     	 add r3,r7,r3
 512 0080 1A80     	 strh r2,[r3]
  89:../Libraries/XMCLib/src/xmc_prng.c ****   reg_val      = PRNG->WORD;
 514              	.LM29:
 515 0082 144A     	 ldr r2,.L23
 516 0084 0A23     	 mov r3,#10
 517 0086 FB18     	 add r3,r7,r3
 518 0088 1288     	 ldrh r2,[r2]
 519 008a 1A80     	 strh r2,[r3]
  90:../Libraries/XMCLib/src/xmc_prng.c ****   read_warm_up &= reg_val;
 521              	.LM30:
 522 008c 0823     	 mov r3,#8
 523 008e FB18     	 add r3,r7,r3
 524 0090 1B88     	 ldrh r3,[r3]
 525 0092 9BB2     	 uxth r3,r3
 526 0094 0A22     	 mov r2,#10
 527 0096 BA18     	 add r2,r7,r2
 528 0098 1288     	 ldrh r2,[r2]
 529 009a 1340     	 and r3,r2
 530 009c 9AB2     	 uxth r2,r3
 531 009e 0823     	 mov r3,#8
 532 00a0 FB18     	 add r3,r7,r3
 533 00a2 1A80     	 strh r2,[r3]
  91:../Libraries/XMCLib/src/xmc_prng.c **** 
  92:../Libraries/XMCLib/src/xmc_prng.c ****   /* Configure block size either byte (8 bit) or word (16 bit) */
  93:../Libraries/XMCLib/src/xmc_prng.c ****   XMC_PRNG_SetRandomDataBlockSize(prng->block_size);
 535              	.LM31:
 536 00a4 7B68     	 ldr r3,[r7,#4]
 537 00a6 9B7A     	 ldrb r3,[r3,#10]
 538 00a8 181C     	 mov r0,r3
 539 00aa FFF7FEFF 	 bl XMC_PRNG_SetRandomDataBlockSize
  94:../Libraries/XMCLib/src/xmc_prng.c **** 
  95:../Libraries/XMCLib/src/xmc_prng.c ****   /*
  96:../Libraries/XMCLib/src/xmc_prng.c ****    * Checks for reset value for "random data block size". If reset,
  97:../Libraries/XMCLib/src/xmc_prng.c ****    * PRNG is not initialized
  98:../Libraries/XMCLib/src/xmc_prng.c ****    */
  99:../Libraries/XMCLib/src/xmc_prng.c ****   if ((uint16_t)XMC_PRNG_RDBS_RESET == (PRNG->CTRL & (uint16_t)PRNG_CTRL_RDBS_Msk))
 541              	.LM32:
 542 00ae 094B     	 ldr r3,.L23
 543 00b0 9B89     	 ldrh r3,[r3,#12]
 544 00b2 9BB2     	 uxth r3,r3
 545 00b4 1A1C     	 mov r2,r3
 546 00b6 0623     	 mov r3,#6
 547 00b8 1340     	 and r3,r2
 548 00ba 03D1     	 bne .L21
 100:../Libraries/XMCLib/src/xmc_prng.c ****   {
 101:../Libraries/XMCLib/src/xmc_prng.c ****     status = XMC_PRNG_NOT_INITIALIZED;
 550              	.LM33:
 551 00bc 0D23     	 mov r3,#13
 552 00be FB18     	 add r3,r7,r3
 553 00c0 0022     	 mov r2,#0
 554 00c2 1A70     	 strb r2,[r3]
 555              	.L21:
 102:../Libraries/XMCLib/src/xmc_prng.c ****   }
 103:../Libraries/XMCLib/src/xmc_prng.c **** 
 104:../Libraries/XMCLib/src/xmc_prng.c ****   return status;
 557              	.LM34:
 558 00c4 0D23     	 mov r3,#13
 559 00c6 FB18     	 add r3,r7,r3
 560 00c8 1B78     	 ldrb r3,[r3]
 105:../Libraries/XMCLib/src/xmc_prng.c **** }
 562              	.LM35:
 563 00ca 181C     	 mov r0,r3
 564 00cc BD46     	 mov sp,r7
 565 00ce 04B0     	 add sp,sp,#16
 566              	 
 567 00d0 80BD     	 pop {r7,pc}
 568              	.L24:
 569 00d2 C046     	 .align 2
 570              	.L23:
 571 00d4 00000248 	 .word 1208090624
 579              	.Lscope6:
 581              	 .stabd 78,0,0
 582              	 .text
 584              	.Letext0:
 585              	 .ident "GCC: (GNU Tools for ARM Embedded Processors) 4.9.3 20141119 (release) [ARM/embedded-4_9-branch revision 218278]"
DEFINED SYMBOLS
                            *ABS*:00000000 xmc_prng.c
    {standard input}:214    .text.XMC_PRNG_SetRandomDataBlockSize:00000000 $t
    {standard input}:220    .text.XMC_PRNG_SetRandomDataBlockSize:00000000 XMC_PRNG_SetRandomDataBlockSize
    {standard input}:259    .text.XMC_PRNG_SetRandomDataBlockSize:00000030 $d
    {standard input}:265    .text.XMC_PRNG_CheckValidStatus:00000000 $t
    {standard input}:270    .text.XMC_PRNG_CheckValidStatus:00000000 XMC_PRNG_CheckValidStatus
    {standard input}:294    .text.XMC_PRNG_CheckValidStatus:00000018 $d
    {standard input}:300    .text.XMC_PRNG_EnableKeyLoadingMode:00000000 $t
    {standard input}:305    .text.XMC_PRNG_EnableKeyLoadingMode:00000000 XMC_PRNG_EnableKeyLoadingMode
    {standard input}:330    .text.XMC_PRNG_EnableKeyLoadingMode:00000018 $d
    {standard input}:336    .text.XMC_PRNG_EnableStreamingMode:00000000 $t
    {standard input}:341    .text.XMC_PRNG_EnableStreamingMode:00000000 XMC_PRNG_EnableStreamingMode
    {standard input}:366    .text.XMC_PRNG_EnableStreamingMode:00000018 $d
    {standard input}:372    .text.XMC_PRNG_LoadKeyWords:00000000 $t
    {standard input}:378    .text.XMC_PRNG_LoadKeyWords:00000000 XMC_PRNG_LoadKeyWords
    {standard input}:404    .text.XMC_PRNG_LoadKeyWords:0000001c $d
    {standard input}:410    .text.XMC_PRNG_Init:00000000 $t
    {standard input}:417    .text.XMC_PRNG_Init:00000000 XMC_PRNG_Init
    {standard input}:571    .text.XMC_PRNG_Init:000000d4 $d

NO UNDEFINED SYMBOLS
