   1              	 .cpu cortex-m0
   2              	 .fpu softvfp
   3              	 .eabi_attribute 20,1
   4              	 .eabi_attribute 21,1
   5              	 .eabi_attribute 23,3
   6              	 .eabi_attribute 24,1
   7              	 .eabi_attribute 25,1
   8              	 .eabi_attribute 26,1
   9              	 .eabi_attribute 30,6
  10              	 .eabi_attribute 34,0
  11              	 .eabi_attribute 18,4
  12              	 .code 16
  13              	 .file "Floor.cpp"
  16              	 .text
  17              	.Ltext0:
 382              	 .section .text._ZN5FloorC2EPVmm,"ax",%progbits
 383              	 .align 2
 388              	 .global _ZN5FloorC2EPVmm
 389              	 .code 16
 390              	 .thumb_func
 392              	_ZN5FloorC2EPVmm:
 393              	 .stabd 46,0,0
   1:../cube/Floor.cpp **** /*
   2:../cube/Floor.cpp ****  * Floor.cpp
   3:../cube/Floor.cpp ****  *
   4:../cube/Floor.cpp ****  *  Created on: Dec 30, 2016
   5:../cube/Floor.cpp ****  *      Author: alex
   6:../cube/Floor.cpp ****  */
   7:../cube/Floor.cpp **** 
   8:../cube/Floor.cpp **** #include <cube/Floor.h>
   9:../cube/Floor.cpp **** 
  10:../cube/Floor.cpp **** Floor::Floor(volatile uint32_t* port, uint32_t pin) : PinBase(port, pin) {
 395              	.LM0:
 396              	.LFBB1:
 397 0000 80B5     	 push {r7,lr}
 398 0002 84B0     	 sub sp,sp,#16
 399 0004 00AF     	 add r7,sp,#0
 400 0006 F860     	 str r0,[r7,#12]
 401 0008 B960     	 str r1,[r7,#8]
 402 000a 7A60     	 str r2,[r7,#4]
 403              	.LBB2:
 405              	.LM1:
 406 000c F968     	 ldr r1,[r7,#12]
 407 000e BA68     	 ldr r2,[r7,#8]
 408 0010 7B68     	 ldr r3,[r7,#4]
 409 0012 081C     	 mov r0,r1
 410 0014 111C     	 mov r1,r2
 411 0016 1A1C     	 mov r2,r3
 412 0018 FFF7FEFF 	 bl _ZN7PinBaseC2EPVmm
 413 001c FB68     	 ldr r3,[r7,#12]
 414 001e 0C33     	 add r3,r3,#12
 415 0020 181C     	 mov r0,r3
 416 0022 FFF7FEFF 	 bl _ZN7XObjectC2Ev
 417 0026 FB68     	 ldr r3,[r7,#12]
 418 0028 044A     	 ldr r2,.L4
 419 002a 1A60     	 str r2,[r3]
 420 002c FB68     	 ldr r3,[r7,#12]
 421 002e 044A     	 ldr r2,.L4+4
 422 0030 DA60     	 str r2,[r3,#12]
 423              	.LBE2:
  11:../cube/Floor.cpp **** }
 425              	.LM2:
 426 0032 FB68     	 ldr r3,[r7,#12]
 427 0034 181C     	 mov r0,r3
 428 0036 BD46     	 mov sp,r7
 429 0038 04B0     	 add sp,sp,#16
 430              	 
 431 003a 80BD     	 pop {r7,pc}
 432              	.L5:
 433              	 .align 2
 434              	.L4:
 435 003c 08000000 	 .word _ZTV5Floor+8
 436 0040 18000000 	 .word _ZTV5Floor+24
 438              	.Lscope1:
 440              	 .stabd 78,0,0
 441              	 .global _ZN5FloorC1EPVmm
 442              	 .thumb_set _ZN5FloorC1EPVmm,_ZN5FloorC2EPVmm
 443              	 .section .text._ZN5FloorD2Ev,"ax",%progbits
 444              	 .align 2
 447              	 .global _ZN5FloorD2Ev
 448              	 .code 16
 449              	 .thumb_func
 451              	_ZN5FloorD2Ev:
 452              	 .stabd 46,0,0
  12:../cube/Floor.cpp **** 
  13:../cube/Floor.cpp **** Floor::~Floor() {
 454              	.LM3:
 455              	.LFBB2:
 456 0000 80B5     	 push {r7,lr}
 457 0002 82B0     	 sub sp,sp,#8
 458 0004 00AF     	 add r7,sp,#0
 459 0006 7860     	 str r0,[r7,#4]
 460              	.LBB3:
 462              	.LM4:
 463 0008 7B68     	 ldr r3,[r7,#4]
 464 000a 0D4A     	 ldr r2,.L10
 465 000c 1A60     	 str r2,[r3]
 466 000e 7B68     	 ldr r3,[r7,#4]
 467 0010 0C4A     	 ldr r2,.L10+4
 468 0012 DA60     	 str r2,[r3,#12]
 469 0014 7B68     	 ldr r3,[r7,#4]
 470 0016 0C33     	 add r3,r3,#12
 471 0018 181C     	 mov r0,r3
 472 001a FFF7FEFF 	 bl _ZN7XObjectD2Ev
 473 001e 7B68     	 ldr r3,[r7,#4]
 474 0020 181C     	 mov r0,r3
 475 0022 FFF7FEFF 	 bl _ZN7PinBaseD2Ev
 476              	.LBE3:
  14:../cube/Floor.cpp **** }
 478              	.LM5:
 479 0026 0023     	 mov r3,#0
 480 0028 002B     	 cmp r3,#0
 481 002a 03D0     	 beq .L8
 483              	.LM6:
 484 002c 7B68     	 ldr r3,[r7,#4]
 485 002e 181C     	 mov r0,r3
 486 0030 FFF7FEFF 	 bl _ZdlPv
 487              	.L8:
 489              	.LM7:
 490 0034 7B68     	 ldr r3,[r7,#4]
 491 0036 181C     	 mov r0,r3
 492 0038 BD46     	 mov sp,r7
 493 003a 02B0     	 add sp,sp,#8
 494              	 
 495 003c 80BD     	 pop {r7,pc}
 496              	.L11:
 497 003e C046     	 .align 2
 498              	.L10:
 499 0040 08000000 	 .word _ZTV5Floor+8
 500 0044 18000000 	 .word _ZTV5Floor+24
 502              	.Lscope2:
 504              	 .stabd 78,0,0
 505              	 .section .text._ZThn12_N5FloorD1Ev,"ax",%progbits
 506              	 .align 2
 507              	 .global _ZThn12_N5FloorD1Ev
 508              	 .code 16
 509              	 .thumb_func
 511              	_ZThn12_N5FloorD1Ev:
 512              	 .stabd 46,0,0
 514              	.Ltext1:
   1:C:/Workspaces/DAVE-4.3-64Bit/WS_2016_09_02/MagicCube/cube/Floor.h **** /*
   2:C:/Workspaces/DAVE-4.3-64Bit/WS_2016_09_02/MagicCube/cube/Floor.h ****  * Floor.h
   3:C:/Workspaces/DAVE-4.3-64Bit/WS_2016_09_02/MagicCube/cube/Floor.h ****  *
   4:C:/Workspaces/DAVE-4.3-64Bit/WS_2016_09_02/MagicCube/cube/Floor.h ****  *  Created on: Dec 30, 2016
   5:C:/Workspaces/DAVE-4.3-64Bit/WS_2016_09_02/MagicCube/cube/Floor.h ****  *      Author: alex
   6:C:/Workspaces/DAVE-4.3-64Bit/WS_2016_09_02/MagicCube/cube/Floor.h ****  */
   7:C:/Workspaces/DAVE-4.3-64Bit/WS_2016_09_02/MagicCube/cube/Floor.h **** 
   8:C:/Workspaces/DAVE-4.3-64Bit/WS_2016_09_02/MagicCube/cube/Floor.h **** #ifndef CUBE_FLOOR_H_
   9:C:/Workspaces/DAVE-4.3-64Bit/WS_2016_09_02/MagicCube/cube/Floor.h **** #define CUBE_FLOOR_H_
  10:C:/Workspaces/DAVE-4.3-64Bit/WS_2016_09_02/MagicCube/cube/Floor.h **** 
  11:C:/Workspaces/DAVE-4.3-64Bit/WS_2016_09_02/MagicCube/cube/Floor.h **** #include <vector>
  12:C:/Workspaces/DAVE-4.3-64Bit/WS_2016_09_02/MagicCube/cube/Floor.h **** #include "hal/PinBase.h"
  13:C:/Workspaces/DAVE-4.3-64Bit/WS_2016_09_02/MagicCube/cube/Floor.h **** #include "hal/ShiftRegister.h"
  14:C:/Workspaces/DAVE-4.3-64Bit/WS_2016_09_02/MagicCube/cube/Floor.h **** #include "hal/ShiftRegisterArray.h"
  15:C:/Workspaces/DAVE-4.3-64Bit/WS_2016_09_02/MagicCube/cube/Floor.h **** #include "XObject.h"
  16:C:/Workspaces/DAVE-4.3-64Bit/WS_2016_09_02/MagicCube/cube/Floor.h **** 
  17:C:/Workspaces/DAVE-4.3-64Bit/WS_2016_09_02/MagicCube/cube/Floor.h **** class Floor : public PinBase, public XObject {
  18:C:/Workspaces/DAVE-4.3-64Bit/WS_2016_09_02/MagicCube/cube/Floor.h **** public:
  19:C:/Workspaces/DAVE-4.3-64Bit/WS_2016_09_02/MagicCube/cube/Floor.h **** 	Floor(volatile uint32_t* port, uint32_t pin);
  20:C:/Workspaces/DAVE-4.3-64Bit/WS_2016_09_02/MagicCube/cube/Floor.h **** 	virtual ~Floor();
 516              	.LM8:
 517              	.LFBB3:
 518 0000 08B4     	 push {r3}
 519 0002 024B     	 ldr r3,.LTHUMBFUNC0
 520 0004 9C46     	 mov r12,r3
 521 0006 0C38     	 sub r0,r0,#12
 522 0008 08BC     	 pop {r3}
 523 000a 6047     	 bx r12
 524              	 .align 2
 525              	.LTHUMBFUNC0:
 526 000c 00000000 	 .word _ZN5FloorD2Ev
 528              	 .global _ZN5FloorD1Ev
 529              	 .thumb_set _ZN5FloorD1Ev,_ZN5FloorD2Ev
 530              	 .section .text._ZN5FloorD0Ev,"ax",%progbits
 531              	 .align 2
 534              	 .global _ZN5FloorD0Ev
 535              	 .code 16
 536              	 .thumb_func
 538              	_ZN5FloorD0Ev:
 539              	 .stabd 46,0,0
 541              	.Ltext2:
  13:../cube/Floor.cpp **** }
 543              	.LM9:
 544              	.LFBB4:
 545 0000 80B5     	 push {r7,lr}
 546 0002 82B0     	 sub sp,sp,#8
 547 0004 00AF     	 add r7,sp,#0
 548 0006 7860     	 str r0,[r7,#4]
 550              	.LM10:
 551 0008 7B68     	 ldr r3,[r7,#4]
 552 000a 181C     	 mov r0,r3
 553 000c FFF7FEFF 	 bl _ZN5FloorD2Ev
 554 0010 7B68     	 ldr r3,[r7,#4]
 555 0012 181C     	 mov r0,r3
 556 0014 FFF7FEFF 	 bl _ZdlPv
 557 0018 7B68     	 ldr r3,[r7,#4]
 558 001a 181C     	 mov r0,r3
 559 001c BD46     	 mov sp,r7
 560 001e 02B0     	 add sp,sp,#8
 561              	 
 562 0020 80BD     	 pop {r7,pc}
 564              	.Lscope4:
 566              	 .stabd 78,0,0
 567 0022 C046     	 .section .text._ZThn12_N5FloorD0Ev,"ax",%progbits
 568              	 .align 2
 569              	 .global _ZThn12_N5FloorD0Ev
 570              	 .code 16
 571              	 .thumb_func
 573              	_ZThn12_N5FloorD0Ev:
 574              	 .stabd 46,0,0
 576              	.Ltext3:
 578              	.LM11:
 579              	.LFBB5:
 580 0000 08B4     	 push {r3}
 581 0002 024B     	 ldr r3,.LTHUMBFUNC1
 582 0004 9C46     	 mov r12,r3
 583 0006 0C38     	 sub r0,r0,#12
 584 0008 08BC     	 pop {r3}
 585 000a 6047     	 bx r12
 586              	 .align 2
 587              	.LTHUMBFUNC1:
 588 000c 00000000 	 .word _ZN5FloorD0Ev
 590              	 .section .text._ZN5Floor16setRegisterArrayEP18ShiftRegisterArray,"ax",%progbits
 591              	 .align 2
 595              	 .global _ZN5Floor16setRegisterArrayEP18ShiftRegisterArray
 596              	 .code 16
 597              	 .thumb_func
 599              	_ZN5Floor16setRegisterArrayEP18ShiftRegisterArray:
 600              	 .stabd 46,0,0
 602              	.Ltext4:
  15:../cube/Floor.cpp **** 
  16:../cube/Floor.cpp **** void Floor::setRegisterArray(ShiftRegisterArray* shiftRegisterArray){
 604              	.LM12:
 605              	.LFBB6:
 606 0000 80B5     	 push {r7,lr}
 607 0002 82B0     	 sub sp,sp,#8
 608 0004 00AF     	 add r7,sp,#0
 609 0006 7860     	 str r0,[r7,#4]
 610 0008 3960     	 str r1,[r7]
  17:../cube/Floor.cpp **** 	shiftRegisterArray_ = shiftRegisterArray;
 612              	.LM13:
 613 000a 7B68     	 ldr r3,[r7,#4]
 614 000c 3A68     	 ldr r2,[r7]
 615 000e 1A61     	 str r2,[r3,#16]
  18:../cube/Floor.cpp **** }
 617              	.LM14:
 618 0010 BD46     	 mov sp,r7
 619 0012 02B0     	 add sp,sp,#8
 620              	 
 621 0014 80BD     	 pop {r7,pc}
 623              	.Lscope6:
 625              	 .stabd 78,0,0
 626 0016 C046     	 .section .text._ZN5Floor2onEv,"ax",%progbits
 627              	 .align 2
 630              	 .global _ZN5Floor2onEv
 631              	 .code 16
 632              	 .thumb_func
 634              	_ZN5Floor2onEv:
 635              	 .stabd 46,0,0
  19:../cube/Floor.cpp **** 
  20:../cube/Floor.cpp **** void Floor::on(void){
 637              	.LM15:
 638              	.LFBB7:
 639 0000 80B5     	 push {r7,lr}
 640 0002 82B0     	 sub sp,sp,#8
 641 0004 00AF     	 add r7,sp,#0
 642 0006 7860     	 str r0,[r7,#4]
  21:../cube/Floor.cpp **** 	high();
 644              	.LM16:
 645 0008 7B68     	 ldr r3,[r7,#4]
 646 000a 181C     	 mov r0,r3
 647 000c FFF7FEFF 	 bl _ZN7PinBase4highEv
  22:../cube/Floor.cpp **** }
 649              	.LM17:
 650 0010 BD46     	 mov sp,r7
 651 0012 02B0     	 add sp,sp,#8
 652              	 
 653 0014 80BD     	 pop {r7,pc}
 655              	.Lscope7:
 657              	 .stabd 78,0,0
 658 0016 C046     	 .section .text._ZN5Floor3offEv,"ax",%progbits
 659              	 .align 2
 662              	 .global _ZN5Floor3offEv
 663              	 .code 16
 664              	 .thumb_func
 666              	_ZN5Floor3offEv:
 667              	 .stabd 46,0,0
  23:../cube/Floor.cpp **** 
  24:../cube/Floor.cpp **** void Floor::off(void){
 669              	.LM18:
 670              	.LFBB8:
 671 0000 80B5     	 push {r7,lr}
 672 0002 82B0     	 sub sp,sp,#8
 673 0004 00AF     	 add r7,sp,#0
 674 0006 7860     	 str r0,[r7,#4]
  25:../cube/Floor.cpp **** 	low();
 676              	.LM19:
 677 0008 7B68     	 ldr r3,[r7,#4]
 678 000a 181C     	 mov r0,r3
 679 000c FFF7FEFF 	 bl _ZN7PinBase3lowEv
  26:../cube/Floor.cpp **** }
 681              	.LM20:
 682 0010 BD46     	 mov sp,r7
 683 0012 02B0     	 add sp,sp,#8
 684              	 
 685 0014 80BD     	 pop {r7,pc}
 687              	.Lscope8:
 689              	 .stabd 78,0,0
 690 0016 C046     	 .section .text._ZN5Floor4pushEh,"ax",%progbits
 691              	 .align 2
 695              	 .global _ZN5Floor4pushEh
 696              	 .code 16
 697              	 .thumb_func
 699              	_ZN5Floor4pushEh:
 700              	 .stabd 46,0,0
  27:../cube/Floor.cpp **** 
  28:../cube/Floor.cpp **** void Floor::push(uint8_t value){
 702              	.LM21:
 703              	.LFBB9:
 704 0000 80B5     	 push {r7,lr}
 705 0002 82B0     	 sub sp,sp,#8
 706 0004 00AF     	 add r7,sp,#0
 707 0006 7860     	 str r0,[r7,#4]
 708 0008 0A1C     	 mov r2,r1
 709 000a FB1C     	 add r3,r7,#3
 710 000c 1A70     	 strb r2,[r3]
  29:../cube/Floor.cpp **** 	shiftRegisterArray_->push(value);
 712              	.LM22:
 713 000e 7B68     	 ldr r3,[r7,#4]
 714 0010 1B69     	 ldr r3,[r3,#16]
 715 0012 1B68     	 ldr r3,[r3]
 716 0014 0833     	 add r3,r3,#8
 717 0016 1A68     	 ldr r2,[r3]
 718 0018 7B68     	 ldr r3,[r7,#4]
 719 001a 1969     	 ldr r1,[r3,#16]
 720 001c FB1C     	 add r3,r7,#3
 721 001e 1B78     	 ldrb r3,[r3]
 722 0020 081C     	 mov r0,r1
 723 0022 191C     	 mov r1,r3
 724 0024 9047     	 blx r2
  30:../cube/Floor.cpp **** }
 726              	.LM23:
 727 0026 BD46     	 mov sp,r7
 728 0028 02B0     	 add sp,sp,#8
 729              	 
 730 002a 80BD     	 pop {r7,pc}
 732              	.Lscope9:
 734              	 .stabd 78,0,0
 735              	 .section .text._ZN5Floor5beginEv,"ax",%progbits
 736              	 .align 2
 739              	 .global _ZN5Floor5beginEv
 740              	 .code 16
 741              	 .thumb_func
 743              	_ZN5Floor5beginEv:
 744              	 .stabd 46,0,0
  31:../cube/Floor.cpp **** 
  32:../cube/Floor.cpp **** void Floor::begin(void){
 746              	.LM24:
 747              	.LFBB10:
 748 0000 80B5     	 push {r7,lr}
 749 0002 82B0     	 sub sp,sp,#8
 750 0004 00AF     	 add r7,sp,#0
 751 0006 7860     	 str r0,[r7,#4]
  33:../cube/Floor.cpp **** 	off();
 753              	.LM25:
 754 0008 7B68     	 ldr r3,[r7,#4]
 755 000a 181C     	 mov r0,r3
 756 000c FFF7FEFF 	 bl _ZN5Floor3offEv
  34:../cube/Floor.cpp **** 	shiftRegisterArray_->begin();
 758              	.LM26:
 759 0010 7B68     	 ldr r3,[r7,#4]
 760 0012 1B69     	 ldr r3,[r3,#16]
 761 0014 181C     	 mov r0,r3
 762 0016 FFF7FEFF 	 bl _ZN18ShiftRegisterArray5beginEv
  35:../cube/Floor.cpp **** }
 764              	.LM27:
 765 001a BD46     	 mov sp,r7
 766 001c 02B0     	 add sp,sp,#8
 767              	 
 768 001e 80BD     	 pop {r7,pc}
 770              	.Lscope10:
 772              	 .stabd 78,0,0
 773              	 .section .text._ZN5Floor3endEv,"ax",%progbits
 774              	 .align 2
 777              	 .global _ZN5Floor3endEv
 778              	 .code 16
 779              	 .thumb_func
 781              	_ZN5Floor3endEv:
 782              	 .stabd 46,0,0
  36:../cube/Floor.cpp **** 
  37:../cube/Floor.cpp **** void Floor::end(void){
 784              	.LM28:
 785              	.LFBB11:
 786 0000 80B5     	 push {r7,lr}
 787 0002 82B0     	 sub sp,sp,#8
 788 0004 00AF     	 add r7,sp,#0
 789 0006 7860     	 str r0,[r7,#4]
  38:../cube/Floor.cpp **** 	shiftRegisterArray_->end();
 791              	.LM29:
 792 0008 7B68     	 ldr r3,[r7,#4]
 793 000a 1B69     	 ldr r3,[r3,#16]
 794 000c 181C     	 mov r0,r3
 795 000e FFF7FEFF 	 bl _ZN18ShiftRegisterArray3endEv
  39:../cube/Floor.cpp **** 	on();
 797              	.LM30:
 798 0012 7B68     	 ldr r3,[r7,#4]
 799 0014 181C     	 mov r0,r3
 800 0016 FFF7FEFF 	 bl _ZN5Floor2onEv
  40:../cube/Floor.cpp **** }
 802              	.LM31:
 803 001a BD46     	 mov sp,r7
 804 001c 02B0     	 add sp,sp,#8
 805              	 
 806 001e 80BD     	 pop {r7,pc}
 808              	.Lscope11:
 810              	 .stabd 78,0,0
 811              	 .global _ZTV5Floor
 812              	 .section .rodata._ZTV5Floor,"a",%progbits
 813              	 .align 3
 816              	_ZTV5Floor:
 817 0000 00000000 	 .word 0
 818 0004 00000000 	 .word 0
 819 0008 00000000 	 .word _ZN5FloorD1Ev
 820 000c 00000000 	 .word _ZN5FloorD0Ev
 821 0010 F4FFFFFF 	 .word -12
 822 0014 00000000 	 .word 0
 823 0018 00000000 	 .word _ZThn12_N5FloorD1Ev
 824 001c 00000000 	 .word _ZThn12_N5FloorD0Ev
 825              	 .text
 827              	.Letext0:
 828              	 .ident "GCC: (GNU Tools for ARM Embedded Processors) 4.9.3 20141119 (release) [ARM/embedded-4_9-branch revision 218278]"
DEFINED SYMBOLS
                            *ABS*:00000000 Floor.cpp
    {standard input}:383    .text._ZN5FloorC2EPVmm:00000000 $t
    {standard input}:392    .text._ZN5FloorC2EPVmm:00000000 _ZN5FloorC2EPVmm
    {standard input}:435    .text._ZN5FloorC2EPVmm:0000003c $d
    {standard input}:816    .rodata._ZTV5Floor:00000000 _ZTV5Floor
    {standard input}:392    .text._ZN5FloorC2EPVmm:00000000 _ZN5FloorC1EPVmm
    {standard input}:444    .text._ZN5FloorD2Ev:00000000 $t
    {standard input}:451    .text._ZN5FloorD2Ev:00000000 _ZN5FloorD2Ev
    {standard input}:499    .text._ZN5FloorD2Ev:00000040 $d
    {standard input}:506    .text._ZThn12_N5FloorD1Ev:00000000 $t
    {standard input}:511    .text._ZThn12_N5FloorD1Ev:00000000 _ZThn12_N5FloorD1Ev
    {standard input}:526    .text._ZThn12_N5FloorD1Ev:0000000c $d
    {standard input}:451    .text._ZN5FloorD2Ev:00000000 _ZN5FloorD1Ev
    {standard input}:531    .text._ZN5FloorD0Ev:00000000 $t
    {standard input}:538    .text._ZN5FloorD0Ev:00000000 _ZN5FloorD0Ev
    {standard input}:568    .text._ZThn12_N5FloorD0Ev:00000000 $t
    {standard input}:573    .text._ZThn12_N5FloorD0Ev:00000000 _ZThn12_N5FloorD0Ev
    {standard input}:588    .text._ZThn12_N5FloorD0Ev:0000000c $d
    {standard input}:591    .text._ZN5Floor16setRegisterArrayEP18ShiftRegisterArray:00000000 $t
    {standard input}:599    .text._ZN5Floor16setRegisterArrayEP18ShiftRegisterArray:00000000 _ZN5Floor16setRegisterArrayEP18ShiftRegisterArray
    {standard input}:627    .text._ZN5Floor2onEv:00000000 $t
    {standard input}:634    .text._ZN5Floor2onEv:00000000 _ZN5Floor2onEv
    {standard input}:659    .text._ZN5Floor3offEv:00000000 $t
    {standard input}:666    .text._ZN5Floor3offEv:00000000 _ZN5Floor3offEv
    {standard input}:691    .text._ZN5Floor4pushEh:00000000 $t
    {standard input}:699    .text._ZN5Floor4pushEh:00000000 _ZN5Floor4pushEh
    {standard input}:736    .text._ZN5Floor5beginEv:00000000 $t
    {standard input}:743    .text._ZN5Floor5beginEv:00000000 _ZN5Floor5beginEv
    {standard input}:774    .text._ZN5Floor3endEv:00000000 $t
    {standard input}:781    .text._ZN5Floor3endEv:00000000 _ZN5Floor3endEv
    {standard input}:813    .rodata._ZTV5Floor:00000000 $d

UNDEFINED SYMBOLS
_ZN7PinBaseC2EPVmm
_ZN7XObjectC2Ev
_ZN7XObjectD2Ev
_ZN7PinBaseD2Ev
_ZdlPv
_ZN7PinBase4highEv
_ZN7PinBase3lowEv
_ZN18ShiftRegisterArray5beginEv
_ZN18ShiftRegisterArray3endEv
